[2022-03-28 22:58:22] local.ERROR: Argument 1 passed to Spatie\MediaLibrary\MediaCollections\MediaRepository::getCollection() must implement interface Spatie\MediaLibrary\HasMedia, instance of App\Models\Property given, called in /home/developer/brance/blocks/vendor/spatie/laravel-medialibrary/src/InteractsWithMedia.php on line 245 (View: /home/developer/brance/blocks/resources/views/admin/penalties/create.blade.php) {"view":{"view":"/home/developer/brance/blocks/vendor/spatie/laravel-medialibrary/src/MediaCollections/MediaRepository.php","data":[]},"userId":2,"exception":"[object] (Facade\\Ignition\\Exceptions\\ViewException(code: 0): Argument 1 passed to Spatie\\MediaLibrary\\MediaCollections\\MediaRepository::getCollection() must implement interface Spatie\\MediaLibrary\\HasMedia, instance of App\\Models\\Property given, called in /home/developer/brance/blocks/vendor/spatie/laravel-medialibrary/src/InteractsWithMedia.php on line 245 (View: /home/developer/brance/blocks/resources/views/admin/penalties/create.blade.php) at /home/developer/brance/blocks/vendor/spatie/laravel-medialibrary/src/MediaCollections/MediaRepository.php:30)
[stacktrace]
#0 /home/developer/brance/blocks/vendor/spatie/laravel-medialibrary/src/InteractsWithMedia.php(245): Spatie\\MediaLibrary\\MediaCollections\\MediaRepository->getCollection()
#1 /home/developer/brance/blocks/app/Models/Property.php(56): App\\Models\\Property->getMedia()
#2 /home/developer/brance/blocks/vendor/laravel/framework/src/Illuminate/Database/Eloquent/Concerns/HasAttributes.php(612): App\\Models\\Property->getPicturesAttribute()
#3 /home/developer/brance/blocks/vendor/laravel/framework/src/Illuminate/Database/Eloquent/Concerns/HasAttributes.php(660): Illuminate\\Database\\Eloquent\\Model->mutateAttribute()
#4 /home/developer/brance/blocks/vendor/laravel/framework/src/Illuminate/Database/Eloquent/Concerns/HasAttributes.php(201): Illuminate\\Database\\Eloquent\\Model->mutateAttributeForArray()
#5 /home/developer/brance/blocks/vendor/laravel/framework/src/Illuminate/Database/Eloquent/Model.php(1485): Illuminate\\Database\\Eloquent\\Model->attributesToArray()
#6 /home/developer/brance/blocks/vendor/laravel/framework/src/Illuminate/Database/Eloquent/Concerns/HasAttributes.php(351): Illuminate\\Database\\Eloquent\\Model->toArray()
#7 /home/developer/brance/blocks/vendor/laravel/framework/src/Illuminate/Database/Eloquent/Model.php(1485): Illuminate\\Database\\Eloquent\\Model->relationsToArray()
#8 /home/developer/brance/blocks/vendor/laravel/framework/src/Illuminate/Database/Eloquent/Model.php(1515): Illuminate\\Database\\Eloquent\\Model->toArray()
#9 /home/developer/brance/blocks/vendor/laravel/framework/src/Illuminate/Collections/Traits/EnumeratesValues.php(886): Illuminate\\Database\\Eloquent\\Model->jsonSerialize()
#10 [internal function]: Illuminate\\Support\\Collection->Illuminate\\Support\\Traits\\{closure}()
#11 /home/developer/brance/blocks/vendor/laravel/framework/src/Illuminate/Collections/Traits/EnumeratesValues.php(894): array_map()
#12 /home/developer/brance/blocks/vendor/laravel/framework/src/Illuminate/Collections/Traits/EnumeratesValues.php(905): Illuminate\\Support\\Collection->jsonSerialize()
#13 /home/developer/brance/blocks/vendor/laravel/framework/src/Illuminate/Collections/Traits/EnumeratesValues.php(928): Illuminate\\Support\\Collection->toJson()
#14 [internal function]: Illuminate\\Support\\Collection->__toString()
#15 /home/developer/brance/blocks/vendor/laravel/framework/src/Illuminate/Support/helpers.php(118): htmlspecialchars()
#16 /home/developer/brance/blocks/resources/views/admin/penalties/create.blade.php(72): e()
#17 /home/developer/brance/blocks/vendor/laravel/framework/src/Illuminate/Filesystem/Filesystem.php(107): require('/home/developer...')
#18 /home/developer/brance/blocks/vendor/laravel/framework/src/Illuminate/Filesystem/Filesystem.php(108): Illuminate\\Filesystem\\Filesystem::Illuminate\\Filesystem\\{closure}()
#19 /home/developer/brance/blocks/vendor/laravel/framework/src/Illuminate/View/Engines/PhpEngine.php(58): Illuminate\\Filesystem\\Filesystem->getRequire()
#20 /home/developer/brance/blocks/vendor/laravel/framework/src/Illuminate/View/Engines/CompilerEngine.php(61): Illuminate\\View\\Engines\\PhpEngine->evaluatePath()
#21 /home/developer/brance/blocks/vendor/facade/ignition/src/Views/Engines/CompilerEngine.php(37): Illuminate\\View\\Engines\\CompilerEngine->get()
#22 /home/developer/brance/blocks/vendor/laravel/framework/src/Illuminate/View/View.php(139): Facade\\Ignition\\Views\\Engines\\CompilerEngine->get()
#23 /home/developer/brance/blocks/vendor/laravel/framework/src/Illuminate/View/View.php(122): Illuminate\\View\\View->getContents()
#24 /home/developer/brance/blocks/vendor/laravel/framework/src/Illuminate/View/View.php(91): Illuminate\\View\\View->renderContents()
#25 /home/developer/brance/blocks/vendor/laravel/framework/src/Illuminate/Http/Response.php(69): Illuminate\\View\\View->render()
#26 /home/developer/brance/blocks/vendor/laravel/framework/src/Illuminate/Http/Response.php(35): Illuminate\\Http\\Response->setContent()
#27 /home/developer/brance/blocks/vendor/laravel/framework/src/Illuminate/Routing/Router.php(794): Illuminate\\Http\\Response->__construct()
#28 /home/developer/brance/blocks/vendor/laravel/framework/src/Illuminate/Routing/Router.php(763): Illuminate\\Routing\\Router::toResponse()
#29 /home/developer/brance/blocks/vendor/laravel/framework/src/Illuminate/Routing/Router.php(695): Illuminate\\Routing\\Router->prepareResponse()
#30 /home/developer/brance/blocks/vendor/laravel/framework/src/Illuminate/Pipeline/Pipeline.php(128): Illuminate\\Routing\\Router->Illuminate\\Routing\\{closure}()
#31 /home/developer/brance/blocks/app/Http/Middleware/SetLocale.php(24): Illuminate\\Pipeline\\Pipeline->Illuminate\\Pipeline\\{closure}()
#32 /home/developer/brance/blocks/vendor/laravel/framework/src/Illuminate/Pipeline/Pipeline.php(167): App\\Http\\Middleware\\SetLocale->handle()
#33 /home/developer/brance/blocks/app/Http/Middleware/AuthGates.php(29): Illuminate\\Pipeline\\Pipeline->Illuminate\\Pipeline\\{closure}()
#34 /home/developer/brance/blocks/vendor/laravel/framework/src/Illuminate/Pipeline/Pipeline.php(167): App\\Http\\Middleware\\AuthGates->handle()
#35 /home/developer/brance/blocks/vendor/laravel/framework/src/Illuminate/Routing/Middleware/SubstituteBindings.php(50): Illuminate\\Pipeline\\Pipeline->Illuminate\\Pipeline\\{closure}()
#36 /home/developer/brance/blocks/vendor/laravel/framework/src/Illuminate/Pipeline/Pipeline.php(167): Illuminate\\Routing\\Middleware\\SubstituteBindings->handle()
#37 /home/developer/brance/blocks/vendor/laravel/framework/src/Illuminate/Auth/Middleware/Authenticate.php(44): Illuminate\\Pipeline\\Pipeline->Illuminate\\Pipeline\\{closure}()
#38 /home/developer/brance/blocks/vendor/laravel/framework/src/Illuminate/Pipeline/Pipeline.php(167): Illuminate\\Auth\\Middleware\\Authenticate->handle()
#39 /home/developer/brance/blocks/vendor/laravel/framework/src/Illuminate/Foundation/Http/Middleware/VerifyCsrfToken.php(78): Illuminate\\Pipeline\\Pipeline->Illuminate\\Pipeline\\{closure}()
#40 /home/developer/brance/blocks/vendor/laravel/framework/src/Illuminate/Pipeline/Pipeline.php(167): Illuminate\\Foundation\\Http\\Middleware\\VerifyCsrfToken->handle()
#41 /home/developer/brance/blocks/vendor/laravel/framework/src/Illuminate/View/Middleware/ShareErrorsFromSession.php(49): Illuminate\\Pipeline\\Pipeline->Illuminate\\Pipeline\\{closure}()
#42 /home/developer/brance/blocks/vendor/laravel/framework/src/Illuminate/Pipeline/Pipeline.php(167): Illuminate\\View\\Middleware\\ShareErrorsFromSession->handle()
#43 /home/developer/brance/blocks/vendor/laravel/framework/src/Illuminate/Session/Middleware/StartSession.php(121): Illuminate\\Pipeline\\Pipeline->Illuminate\\Pipeline\\{closure}()
#44 /home/developer/brance/blocks/vendor/laravel/framework/src/Illuminate/Session/Middleware/StartSession.php(64): Illuminate\\Session\\Middleware\\StartSession->handleStatefulRequest()
#45 /home/developer/brance/blocks/vendor/laravel/framework/src/Illuminate/Pipeline/Pipeline.php(167): Illuminate\\Session\\Middleware\\StartSession->handle()
#46 /home/developer/brance/blocks/vendor/laravel/framework/src/Illuminate/Cookie/Middleware/AddQueuedCookiesToResponse.php(37): Illuminate\\Pipeline\\Pipeline->Illuminate\\Pipeline\\{closure}()
#47 /home/developer/brance/blocks/vendor/laravel/framework/src/Illuminate/Pipeline/Pipeline.php(167): Illuminate\\Cookie\\Middleware\\AddQueuedCookiesToResponse->handle()
#48 /home/developer/brance/blocks/vendor/laravel/framework/src/Illuminate/Cookie/Middleware/EncryptCookies.php(67): Illuminate\\Pipeline\\Pipeline->Illuminate\\Pipeline\\{closure}()
#49 /home/developer/brance/blocks/vendor/laravel/framework/src/Illuminate/Pipeline/Pipeline.php(167): Illuminate\\Cookie\\Middleware\\EncryptCookies->handle()
#50 /home/developer/brance/blocks/vendor/laravel/framework/src/Illuminate/Pipeline/Pipeline.php(103): Illuminate\\Pipeline\\Pipeline->Illuminate\\Pipeline\\{closure}()
#51 /home/developer/brance/blocks/vendor/laravel/framework/src/Illuminate/Routing/Router.php(697): Illuminate\\Pipeline\\Pipeline->then()
#52 /home/developer/brance/blocks/vendor/laravel/framework/src/Illuminate/Routing/Router.php(672): Illuminate\\Routing\\Router->runRouteWithinStack()
#53 /home/developer/brance/blocks/vendor/laravel/framework/src/Illuminate/Routing/Router.php(636): Illuminate\\Routing\\Router->runRoute()
#54 /home/developer/brance/blocks/vendor/laravel/framework/src/Illuminate/Routing/Router.php(625): Illuminate\\Routing\\Router->dispatchToRoute()
#55 /home/developer/brance/blocks/vendor/laravel/framework/src/Illuminate/Foundation/Http/Kernel.php(167): Illuminate\\Routing\\Router->dispatch()
#56 /home/developer/brance/blocks/vendor/laravel/framework/src/Illuminate/Pipeline/Pipeline.php(128): Illuminate\\Foundation\\Http\\Kernel->Illuminate\\Foundation\\Http\\{closure}()
#57 /home/developer/brance/blocks/vendor/laravel/framework/src/Illuminate/Foundation/Http/Middleware/TransformsRequest.php(21): Illuminate\\Pipeline\\Pipeline->Illuminate\\Pipeline\\{closure}()
#58 /home/developer/brance/blocks/vendor/laravel/framework/src/Illuminate/Foundation/Http/Middleware/ConvertEmptyStringsToNull.php(31): Illuminate\\Foundation\\Http\\Middleware\\TransformsRequest->handle()
#59 /home/developer/brance/blocks/vendor/laravel/framework/src/Illuminate/Pipeline/Pipeline.php(167): Illuminate\\Foundation\\Http\\Middleware\\ConvertEmptyStringsToNull->handle()
#60 /home/developer/brance/blocks/vendor/laravel/framework/src/Illuminate/Foundation/Http/Middleware/TransformsRequest.php(21): Illuminate\\Pipeline\\Pipeline->Illuminate\\Pipeline\\{closure}()
#61 /home/developer/brance/blocks/vendor/laravel/framework/src/Illuminate/Foundation/Http/Middleware/TrimStrings.php(40): Illuminate\\Foundation\\Http\\Middleware\\TransformsRequest->handle()
#62 /home/developer/brance/blocks/vendor/laravel/framework/src/Illuminate/Pipeline/Pipeline.php(167): Illuminate\\Foundation\\Http\\Middleware\\TrimStrings->handle()
#63 /home/developer/brance/blocks/vendor/laravel/framework/src/Illuminate/Foundation/Http/Middleware/ValidatePostSize.php(27): Illuminate\\Pipeline\\Pipeline->Illuminate\\Pipeline\\{closure}()
#64 /home/developer/brance/blocks/vendor/laravel/framework/src/Illuminate/Pipeline/Pipeline.php(167): Illuminate\\Foundation\\Http\\Middleware\\ValidatePostSize->handle()
#65 /home/developer/brance/blocks/vendor/laravel/framework/src/Illuminate/Foundation/Http/Middleware/PreventRequestsDuringMaintenance.php(86): Illuminate\\Pipeline\\Pipeline->Illuminate\\Pipeline\\{closure}()
#66 /home/developer/brance/blocks/vendor/laravel/framework/src/Illuminate/Pipeline/Pipeline.php(167): Illuminate\\Foundation\\Http\\Middleware\\PreventRequestsDuringMaintenance->handle()
#67 /home/developer/brance/blocks/vendor/fruitcake/laravel-cors/src/HandleCors.php(38): Illuminate\\Pipeline\\Pipeline->Illuminate\\Pipeline\\{closure}()
#68 /home/developer/brance/blocks/vendor/laravel/framework/src/Illuminate/Pipeline/Pipeline.php(167): Fruitcake\\Cors\\HandleCors->handle()
#69 /home/developer/brance/blocks/vendor/fideloper/proxy/src/TrustProxies.php(57): Illuminate\\Pipeline\\Pipeline->Illuminate\\Pipeline\\{closure}()
#70 /home/developer/brance/blocks/vendor/laravel/framework/src/Illuminate/Pipeline/Pipeline.php(167): Fideloper\\Proxy\\TrustProxies->handle()
#71 /home/developer/brance/blocks/vendor/laravel/framework/src/Illuminate/Pipeline/Pipeline.php(103): Illuminate\\Pipeline\\Pipeline->Illuminate\\Pipeline\\{closure}()
#72 /home/developer/brance/blocks/vendor/laravel/framework/src/Illuminate/Foundation/Http/Kernel.php(142): Illuminate\\Pipeline\\Pipeline->then()
#73 /home/developer/brance/blocks/vendor/laravel/framework/src/Illuminate/Foundation/Http/Kernel.php(111): Illuminate\\Foundation\\Http\\Kernel->sendRequestThroughRouter()
#74 /home/developer/brance/blocks/public/index.php(52): Illuminate\\Foundation\\Http\\Kernel->handle()
#75 /home/developer/brance/blocks/server.php(21): require_once('/home/developer...')
#76 {main}

[previous exception] [object] (TypeError(code: 0): Argument 1 passed to Spatie\\MediaLibrary\\MediaCollections\\MediaRepository::getCollection() must implement interface Spatie\\MediaLibrary\\HasMedia, instance of App\\Models\\Property given, called in /home/developer/brance/blocks/vendor/spatie/laravel-medialibrary/src/InteractsWithMedia.php on line 245 at /home/developer/brance/blocks/vendor/spatie/laravel-medialibrary/src/MediaCollections/MediaRepository.php:30)
[stacktrace]
#0 /home/developer/brance/blocks/vendor/spatie/laravel-medialibrary/src/InteractsWithMedia.php(245): Spatie\\MediaLibrary\\MediaCollections\\MediaRepository->getCollection()
#1 /home/developer/brance/blocks/app/Models/Property.php(56): App\\Models\\Property->getMedia()
#2 /home/developer/brance/blocks/vendor/laravel/framework/src/Illuminate/Database/Eloquent/Concerns/HasAttributes.php(612): App\\Models\\Property->getPicturesAttribute()
#3 /home/developer/brance/blocks/vendor/laravel/framework/src/Illuminate/Database/Eloquent/Concerns/HasAttributes.php(660): Illuminate\\Database\\Eloquent\\Model->mutateAttribute()
#4 /home/developer/brance/blocks/vendor/laravel/framework/src/Illuminate/Database/Eloquent/Concerns/HasAttributes.php(201): Illuminate\\Database\\Eloquent\\Model->mutateAttributeForArray()
#5 /home/developer/brance/blocks/vendor/laravel/framework/src/Illuminate/Database/Eloquent/Model.php(1485): Illuminate\\Database\\Eloquent\\Model->attributesToArray()
#6 /home/developer/brance/blocks/vendor/laravel/framework/src/Illuminate/Database/Eloquent/Concerns/HasAttributes.php(351): Illuminate\\Database\\Eloquent\\Model->toArray()
#7 /home/developer/brance/blocks/vendor/laravel/framework/src/Illuminate/Database/Eloquent/Model.php(1485): Illuminate\\Database\\Eloquent\\Model->relationsToArray()
#8 /home/developer/brance/blocks/vendor/laravel/framework/src/Illuminate/Database/Eloquent/Model.php(1515): Illuminate\\Database\\Eloquent\\Model->toArray()
#9 /home/developer/brance/blocks/vendor/laravel/framework/src/Illuminate/Collections/Traits/EnumeratesValues.php(886): Illuminate\\Database\\Eloquent\\Model->jsonSerialize()
#10 [internal function]: Illuminate\\Support\\Collection->Illuminate\\Support\\Traits\\{closure}()
#11 /home/developer/brance/blocks/vendor/laravel/framework/src/Illuminate/Collections/Traits/EnumeratesValues.php(894): array_map()
#12 /home/developer/brance/blocks/vendor/laravel/framework/src/Illuminate/Collections/Traits/EnumeratesValues.php(905): Illuminate\\Support\\Collection->jsonSerialize()
#13 /home/developer/brance/blocks/vendor/laravel/framework/src/Illuminate/Collections/Traits/EnumeratesValues.php(928): Illuminate\\Support\\Collection->toJson()
#14 [internal function]: Illuminate\\Support\\Collection->__toString()
#15 /home/developer/brance/blocks/vendor/laravel/framework/src/Illuminate/Support/helpers.php(118): htmlspecialchars()
#16 /home/developer/brance/blocks/storage/framework/views/253f14fe77393b8b178ec4ab28aab05aa065a619.php(71): e()
#17 /home/developer/brance/blocks/vendor/laravel/framework/src/Illuminate/Filesystem/Filesystem.php(107): require('/home/developer...')
#18 /home/developer/brance/blocks/vendor/laravel/framework/src/Illuminate/Filesystem/Filesystem.php(108): Illuminate\\Filesystem\\Filesystem::Illuminate\\Filesystem\\{closure}()
#19 /home/developer/brance/blocks/vendor/laravel/framework/src/Illuminate/View/Engines/PhpEngine.php(58): Illuminate\\Filesystem\\Filesystem->getRequire()
#20 /home/developer/brance/blocks/vendor/laravel/framework/src/Illuminate/View/Engines/CompilerEngine.php(61): Illuminate\\View\\Engines\\PhpEngine->evaluatePath()
#21 /home/developer/brance/blocks/vendor/facade/ignition/src/Views/Engines/CompilerEngine.php(37): Illuminate\\View\\Engines\\CompilerEngine->get()
#22 /home/developer/brance/blocks/vendor/laravel/framework/src/Illuminate/View/View.php(139): Facade\\Ignition\\Views\\Engines\\CompilerEngine->get()
#23 /home/developer/brance/blocks/vendor/laravel/framework/src/Illuminate/View/View.php(122): Illuminate\\View\\View->getContents()
#24 /home/developer/brance/blocks/vendor/laravel/framework/src/Illuminate/View/View.php(91): Illuminate\\View\\View->renderContents()
#25 /home/developer/brance/blocks/vendor/laravel/framework/src/Illuminate/Http/Response.php(69): Illuminate\\View\\View->render()
#26 /home/developer/brance/blocks/vendor/laravel/framework/src/Illuminate/Http/Response.php(35): Illuminate\\Http\\Response->setContent()
#27 /home/developer/brance/blocks/vendor/laravel/framework/src/Illuminate/Routing/Router.php(794): Illuminate\\Http\\Response->__construct()
#28 /home/developer/brance/blocks/vendor/laravel/framework/src/Illuminate/Routing/Router.php(763): Illuminate\\Routing\\Router::toResponse()
#29 /home/developer/brance/blocks/vendor/laravel/framework/src/Illuminate/Routing/Router.php(695): Illuminate\\Routing\\Router->prepareResponse()
#30 /home/developer/brance/blocks/vendor/laravel/framework/src/Illuminate/Pipeline/Pipeline.php(128): Illuminate\\Routing\\Router->Illuminate\\Routing\\{closure}()
#31 /home/developer/brance/blocks/app/Http/Middleware/SetLocale.php(24): Illuminate\\Pipeline\\Pipeline->Illuminate\\Pipeline\\{closure}()
#32 /home/developer/brance/blocks/vendor/laravel/framework/src/Illuminate/Pipeline/Pipeline.php(167): App\\Http\\Middleware\\SetLocale->handle()
#33 /home/developer/brance/blocks/app/Http/Middleware/AuthGates.php(29): Illuminate\\Pipeline\\Pipeline->Illuminate\\Pipeline\\{closure}()
#34 /home/developer/brance/blocks/vendor/laravel/framework/src/Illuminate/Pipeline/Pipeline.php(167): App\\Http\\Middleware\\AuthGates->handle()
#35 /home/developer/brance/blocks/vendor/laravel/framework/src/Illuminate/Routing/Middleware/SubstituteBindings.php(50): Illuminate\\Pipeline\\Pipeline->Illuminate\\Pipeline\\{closure}()
#36 /home/developer/brance/blocks/vendor/laravel/framework/src/Illuminate/Pipeline/Pipeline.php(167): Illuminate\\Routing\\Middleware\\SubstituteBindings->handle()
#37 /home/developer/brance/blocks/vendor/laravel/framework/src/Illuminate/Auth/Middleware/Authenticate.php(44): Illuminate\\Pipeline\\Pipeline->Illuminate\\Pipeline\\{closure}()
#38 /home/developer/brance/blocks/vendor/laravel/framework/src/Illuminate/Pipeline/Pipeline.php(167): Illuminate\\Auth\\Middleware\\Authenticate->handle()
#39 /home/developer/brance/blocks/vendor/laravel/framework/src/Illuminate/Foundation/Http/Middleware/VerifyCsrfToken.php(78): Illuminate\\Pipeline\\Pipeline->Illuminate\\Pipeline\\{closure}()
#40 /home/developer/brance/blocks/vendor/laravel/framework/src/Illuminate/Pipeline/Pipeline.php(167): Illuminate\\Foundation\\Http\\Middleware\\VerifyCsrfToken->handle()
#41 /home/developer/brance/blocks/vendor/laravel/framework/src/Illuminate/View/Middleware/ShareErrorsFromSession.php(49): Illuminate\\Pipeline\\Pipeline->Illuminate\\Pipeline\\{closure}()
#42 /home/developer/brance/blocks/vendor/laravel/framework/src/Illuminate/Pipeline/Pipeline.php(167): Illuminate\\View\\Middleware\\ShareErrorsFromSession->handle()
#43 /home/developer/brance/blocks/vendor/laravel/framework/src/Illuminate/Session/Middleware/StartSession.php(121): Illuminate\\Pipeline\\Pipeline->Illuminate\\Pipeline\\{closure}()
#44 /home/developer/brance/blocks/vendor/laravel/framework/src/Illuminate/Session/Middleware/StartSession.php(64): Illuminate\\Session\\Middleware\\StartSession->handleStatefulRequest()
#45 /home/developer/brance/blocks/vendor/laravel/framework/src/Illuminate/Pipeline/Pipeline.php(167): Illuminate\\Session\\Middleware\\StartSession->handle()
#46 /home/developer/brance/blocks/vendor/laravel/framework/src/Illuminate/Cookie/Middleware/AddQueuedCookiesToResponse.php(37): Illuminate\\Pipeline\\Pipeline->Illuminate\\Pipeline\\{closure}()
#47 /home/developer/brance/blocks/vendor/laravel/framework/src/Illuminate/Pipeline/Pipeline.php(167): Illuminate\\Cookie\\Middleware\\AddQueuedCookiesToResponse->handle()
#48 /home/developer/brance/blocks/vendor/laravel/framework/src/Illuminate/Cookie/Middleware/EncryptCookies.php(67): Illuminate\\Pipeline\\Pipeline->Illuminate\\Pipeline\\{closure}()
#49 /home/developer/brance/blocks/vendor/laravel/framework/src/Illuminate/Pipeline/Pipeline.php(167): Illuminate\\Cookie\\Middleware\\EncryptCookies->handle()
#50 /home/developer/brance/blocks/vendor/laravel/framework/src/Illuminate/Pipeline/Pipeline.php(103): Illuminate\\Pipeline\\Pipeline->Illuminate\\Pipeline\\{closure}()
#51 /home/developer/brance/blocks/vendor/laravel/framework/src/Illuminate/Routing/Router.php(697): Illuminate\\Pipeline\\Pipeline->then()
#52 /home/developer/brance/blocks/vendor/laravel/framework/src/Illuminate/Routing/Router.php(672): Illuminate\\Routing\\Router->runRouteWithinStack()
#53 /home/developer/brance/blocks/vendor/laravel/framework/src/Illuminate/Routing/Router.php(636): Illuminate\\Routing\\Router->runRoute()
#54 /home/developer/brance/blocks/vendor/laravel/framework/src/Illuminate/Routing/Router.php(625): Illuminate\\Routing\\Router->dispatchToRoute()
#55 /home/developer/brance/blocks/vendor/laravel/framework/src/Illuminate/Foundation/Http/Kernel.php(167): Illuminate\\Routing\\Router->dispatch()
#56 /home/developer/brance/blocks/vendor/laravel/framework/src/Illuminate/Pipeline/Pipeline.php(128): Illuminate\\Foundation\\Http\\Kernel->Illuminate\\Foundation\\Http\\{closure}()
#57 /home/developer/brance/blocks/vendor/laravel/framework/src/Illuminate/Foundation/Http/Middleware/TransformsRequest.php(21): Illuminate\\Pipeline\\Pipeline->Illuminate\\Pipeline\\{closure}()
#58 /home/developer/brance/blocks/vendor/laravel/framework/src/Illuminate/Foundation/Http/Middleware/ConvertEmptyStringsToNull.php(31): Illuminate\\Foundation\\Http\\Middleware\\TransformsRequest->handle()
#59 /home/developer/brance/blocks/vendor/laravel/framework/src/Illuminate/Pipeline/Pipeline.php(167): Illuminate\\Foundation\\Http\\Middleware\\ConvertEmptyStringsToNull->handle()
#60 /home/developer/brance/blocks/vendor/laravel/framework/src/Illuminate/Foundation/Http/Middleware/TransformsRequest.php(21): Illuminate\\Pipeline\\Pipeline->Illuminate\\Pipeline\\{closure}()
#61 /home/developer/brance/blocks/vendor/laravel/framework/src/Illuminate/Foundation/Http/Middleware/TrimStrings.php(40): Illuminate\\Foundation\\Http\\Middleware\\TransformsRequest->handle()
#62 /home/developer/brance/blocks/vendor/laravel/framework/src/Illuminate/Pipeline/Pipeline.php(167): Illuminate\\Foundation\\Http\\Middleware\\TrimStrings->handle()
#63 /home/developer/brance/blocks/vendor/laravel/framework/src/Illuminate/Foundation/Http/Middleware/ValidatePostSize.php(27): Illuminate\\Pipeline\\Pipeline->Illuminate\\Pipeline\\{closure}()
#64 /home/developer/brance/blocks/vendor/laravel/framework/src/Illuminate/Pipeline/Pipeline.php(167): Illuminate\\Foundation\\Http\\Middleware\\ValidatePostSize->handle()
#65 /home/developer/brance/blocks/vendor/laravel/framework/src/Illuminate/Foundation/Http/Middleware/PreventRequestsDuringMaintenance.php(86): Illuminate\\Pipeline\\Pipeline->Illuminate\\Pipeline\\{closure}()
#66 /home/developer/brance/blocks/vendor/laravel/framework/src/Illuminate/Pipeline/Pipeline.php(167): Illuminate\\Foundation\\Http\\Middleware\\PreventRequestsDuringMaintenance->handle()
#67 /home/developer/brance/blocks/vendor/fruitcake/laravel-cors/src/HandleCors.php(38): Illuminate\\Pipeline\\Pipeline->Illuminate\\Pipeline\\{closure}()
#68 /home/developer/brance/blocks/vendor/laravel/framework/src/Illuminate/Pipeline/Pipeline.php(167): Fruitcake\\Cors\\HandleCors->handle()
#69 /home/developer/brance/blocks/vendor/fideloper/proxy/src/TrustProxies.php(57): Illuminate\\Pipeline\\Pipeline->Illuminate\\Pipeline\\{closure}()
#70 /home/developer/brance/blocks/vendor/laravel/framework/src/Illuminate/Pipeline/Pipeline.php(167): Fideloper\\Proxy\\TrustProxies->handle()
#71 /home/developer/brance/blocks/vendor/laravel/framework/src/Illuminate/Pipeline/Pipeline.php(103): Illuminate\\Pipeline\\Pipeline->Illuminate\\Pipeline\\{closure}()
#72 /home/developer/brance/blocks/vendor/laravel/framework/src/Illuminate/Foundation/Http/Kernel.php(142): Illuminate\\Pipeline\\Pipeline->then()
#73 /home/developer/brance/blocks/vendor/laravel/framework/src/Illuminate/Foundation/Http/Kernel.php(111): Illuminate\\Foundation\\Http\\Kernel->sendRequestThroughRouter()
#74 /home/developer/brance/blocks/public/index.php(52): Illuminate\\Foundation\\Http\\Kernel->handle()
#75 /home/developer/brance/blocks/server.php(21): require_once('/home/developer...')
#76 {main}
"} 
[2022-03-28 22:58:39] local.ERROR: Argument 1 passed to Spatie\MediaLibrary\MediaCollections\MediaRepository::getCollection() must implement interface Spatie\MediaLibrary\HasMedia, instance of App\Models\Property given, called in /home/developer/brance/blocks/vendor/spatie/laravel-medialibrary/src/InteractsWithMedia.php on line 245 (View: /home/developer/brance/blocks/resources/views/admin/penalties/create.blade.php) {"view":{"view":"/home/developer/brance/blocks/vendor/spatie/laravel-medialibrary/src/MediaCollections/MediaRepository.php","data":[]},"userId":2,"exception":"[object] (Facade\\Ignition\\Exceptions\\ViewException(code: 0): Argument 1 passed to Spatie\\MediaLibrary\\MediaCollections\\MediaRepository::getCollection() must implement interface Spatie\\MediaLibrary\\HasMedia, instance of App\\Models\\Property given, called in /home/developer/brance/blocks/vendor/spatie/laravel-medialibrary/src/InteractsWithMedia.php on line 245 (View: /home/developer/brance/blocks/resources/views/admin/penalties/create.blade.php) at /home/developer/brance/blocks/vendor/spatie/laravel-medialibrary/src/MediaCollections/MediaRepository.php:30)
[stacktrace]
#0 /home/developer/brance/blocks/vendor/spatie/laravel-medialibrary/src/InteractsWithMedia.php(245): Spatie\\MediaLibrary\\MediaCollections\\MediaRepository->getCollection()
#1 /home/developer/brance/blocks/app/Models/Property.php(56): App\\Models\\Property->getMedia()
#2 /home/developer/brance/blocks/vendor/laravel/framework/src/Illuminate/Database/Eloquent/Concerns/HasAttributes.php(612): App\\Models\\Property->getPicturesAttribute()
#3 /home/developer/brance/blocks/vendor/laravel/framework/src/Illuminate/Database/Eloquent/Concerns/HasAttributes.php(660): Illuminate\\Database\\Eloquent\\Model->mutateAttribute()
#4 /home/developer/brance/blocks/vendor/laravel/framework/src/Illuminate/Database/Eloquent/Concerns/HasAttributes.php(201): Illuminate\\Database\\Eloquent\\Model->mutateAttributeForArray()
#5 /home/developer/brance/blocks/vendor/laravel/framework/src/Illuminate/Database/Eloquent/Model.php(1485): Illuminate\\Database\\Eloquent\\Model->attributesToArray()
#6 /home/developer/brance/blocks/vendor/laravel/framework/src/Illuminate/Database/Eloquent/Concerns/HasAttributes.php(351): Illuminate\\Database\\Eloquent\\Model->toArray()
#7 /home/developer/brance/blocks/vendor/laravel/framework/src/Illuminate/Database/Eloquent/Model.php(1485): Illuminate\\Database\\Eloquent\\Model->relationsToArray()
#8 /home/developer/brance/blocks/vendor/laravel/framework/src/Illuminate/Database/Eloquent/Model.php(1515): Illuminate\\Database\\Eloquent\\Model->toArray()
#9 /home/developer/brance/blocks/vendor/laravel/framework/src/Illuminate/Collections/Traits/EnumeratesValues.php(886): Illuminate\\Database\\Eloquent\\Model->jsonSerialize()
#10 [internal function]: Illuminate\\Support\\Collection->Illuminate\\Support\\Traits\\{closure}()
#11 /home/developer/brance/blocks/vendor/laravel/framework/src/Illuminate/Collections/Traits/EnumeratesValues.php(894): array_map()
#12 /home/developer/brance/blocks/vendor/laravel/framework/src/Illuminate/Collections/Traits/EnumeratesValues.php(905): Illuminate\\Support\\Collection->jsonSerialize()
#13 /home/developer/brance/blocks/vendor/laravel/framework/src/Illuminate/Collections/Traits/EnumeratesValues.php(928): Illuminate\\Support\\Collection->toJson()
#14 [internal function]: Illuminate\\Support\\Collection->__toString()
#15 /home/developer/brance/blocks/vendor/laravel/framework/src/Illuminate/Support/helpers.php(118): htmlspecialchars()
#16 /home/developer/brance/blocks/resources/views/admin/penalties/create.blade.php(72): e()
#17 /home/developer/brance/blocks/vendor/laravel/framework/src/Illuminate/Filesystem/Filesystem.php(107): require('/home/developer...')
#18 /home/developer/brance/blocks/vendor/laravel/framework/src/Illuminate/Filesystem/Filesystem.php(108): Illuminate\\Filesystem\\Filesystem::Illuminate\\Filesystem\\{closure}()
#19 /home/developer/brance/blocks/vendor/laravel/framework/src/Illuminate/View/Engines/PhpEngine.php(58): Illuminate\\Filesystem\\Filesystem->getRequire()
#20 /home/developer/brance/blocks/vendor/laravel/framework/src/Illuminate/View/Engines/CompilerEngine.php(61): Illuminate\\View\\Engines\\PhpEngine->evaluatePath()
#21 /home/developer/brance/blocks/vendor/facade/ignition/src/Views/Engines/CompilerEngine.php(37): Illuminate\\View\\Engines\\CompilerEngine->get()
#22 /home/developer/brance/blocks/vendor/laravel/framework/src/Illuminate/View/View.php(139): Facade\\Ignition\\Views\\Engines\\CompilerEngine->get()
#23 /home/developer/brance/blocks/vendor/laravel/framework/src/Illuminate/View/View.php(122): Illuminate\\View\\View->getContents()
#24 /home/developer/brance/blocks/vendor/laravel/framework/src/Illuminate/View/View.php(91): Illuminate\\View\\View->renderContents()
#25 /home/developer/brance/blocks/vendor/laravel/framework/src/Illuminate/Http/Response.php(69): Illuminate\\View\\View->render()
#26 /home/developer/brance/blocks/vendor/laravel/framework/src/Illuminate/Http/Response.php(35): Illuminate\\Http\\Response->setContent()
#27 /home/developer/brance/blocks/vendor/laravel/framework/src/Illuminate/Routing/Router.php(794): Illuminate\\Http\\Response->__construct()
#28 /home/developer/brance/blocks/vendor/laravel/framework/src/Illuminate/Routing/Router.php(763): Illuminate\\Routing\\Router::toResponse()
#29 /home/developer/brance/blocks/vendor/laravel/framework/src/Illuminate/Routing/Router.php(695): Illuminate\\Routing\\Router->prepareResponse()
#30 /home/developer/brance/blocks/vendor/laravel/framework/src/Illuminate/Pipeline/Pipeline.php(128): Illuminate\\Routing\\Router->Illuminate\\Routing\\{closure}()
#31 /home/developer/brance/blocks/app/Http/Middleware/SetLocale.php(24): Illuminate\\Pipeline\\Pipeline->Illuminate\\Pipeline\\{closure}()
#32 /home/developer/brance/blocks/vendor/laravel/framework/src/Illuminate/Pipeline/Pipeline.php(167): App\\Http\\Middleware\\SetLocale->handle()
#33 /home/developer/brance/blocks/app/Http/Middleware/AuthGates.php(29): Illuminate\\Pipeline\\Pipeline->Illuminate\\Pipeline\\{closure}()
#34 /home/developer/brance/blocks/vendor/laravel/framework/src/Illuminate/Pipeline/Pipeline.php(167): App\\Http\\Middleware\\AuthGates->handle()
#35 /home/developer/brance/blocks/vendor/laravel/framework/src/Illuminate/Routing/Middleware/SubstituteBindings.php(50): Illuminate\\Pipeline\\Pipeline->Illuminate\\Pipeline\\{closure}()
#36 /home/developer/brance/blocks/vendor/laravel/framework/src/Illuminate/Pipeline/Pipeline.php(167): Illuminate\\Routing\\Middleware\\SubstituteBindings->handle()
#37 /home/developer/brance/blocks/vendor/laravel/framework/src/Illuminate/Auth/Middleware/Authenticate.php(44): Illuminate\\Pipeline\\Pipeline->Illuminate\\Pipeline\\{closure}()
#38 /home/developer/brance/blocks/vendor/laravel/framework/src/Illuminate/Pipeline/Pipeline.php(167): Illuminate\\Auth\\Middleware\\Authenticate->handle()
#39 /home/developer/brance/blocks/vendor/laravel/framework/src/Illuminate/Foundation/Http/Middleware/VerifyCsrfToken.php(78): Illuminate\\Pipeline\\Pipeline->Illuminate\\Pipeline\\{closure}()
#40 /home/developer/brance/blocks/vendor/laravel/framework/src/Illuminate/Pipeline/Pipeline.php(167): Illuminate\\Foundation\\Http\\Middleware\\VerifyCsrfToken->handle()
#41 /home/developer/brance/blocks/vendor/laravel/framework/src/Illuminate/View/Middleware/ShareErrorsFromSession.php(49): Illuminate\\Pipeline\\Pipeline->Illuminate\\Pipeline\\{closure}()
#42 /home/developer/brance/blocks/vendor/laravel/framework/src/Illuminate/Pipeline/Pipeline.php(167): Illuminate\\View\\Middleware\\ShareErrorsFromSession->handle()
#43 /home/developer/brance/blocks/vendor/laravel/framework/src/Illuminate/Session/Middleware/StartSession.php(121): Illuminate\\Pipeline\\Pipeline->Illuminate\\Pipeline\\{closure}()
#44 /home/developer/brance/blocks/vendor/laravel/framework/src/Illuminate/Session/Middleware/StartSession.php(64): Illuminate\\Session\\Middleware\\StartSession->handleStatefulRequest()
#45 /home/developer/brance/blocks/vendor/laravel/framework/src/Illuminate/Pipeline/Pipeline.php(167): Illuminate\\Session\\Middleware\\StartSession->handle()
#46 /home/developer/brance/blocks/vendor/laravel/framework/src/Illuminate/Cookie/Middleware/AddQueuedCookiesToResponse.php(37): Illuminate\\Pipeline\\Pipeline->Illuminate\\Pipeline\\{closure}()
#47 /home/developer/brance/blocks/vendor/laravel/framework/src/Illuminate/Pipeline/Pipeline.php(167): Illuminate\\Cookie\\Middleware\\AddQueuedCookiesToResponse->handle()
#48 /home/developer/brance/blocks/vendor/laravel/framework/src/Illuminate/Cookie/Middleware/EncryptCookies.php(67): Illuminate\\Pipeline\\Pipeline->Illuminate\\Pipeline\\{closure}()
#49 /home/developer/brance/blocks/vendor/laravel/framework/src/Illuminate/Pipeline/Pipeline.php(167): Illuminate\\Cookie\\Middleware\\EncryptCookies->handle()
#50 /home/developer/brance/blocks/vendor/laravel/framework/src/Illuminate/Pipeline/Pipeline.php(103): Illuminate\\Pipeline\\Pipeline->Illuminate\\Pipeline\\{closure}()
#51 /home/developer/brance/blocks/vendor/laravel/framework/src/Illuminate/Routing/Router.php(697): Illuminate\\Pipeline\\Pipeline->then()
#52 /home/developer/brance/blocks/vendor/laravel/framework/src/Illuminate/Routing/Router.php(672): Illuminate\\Routing\\Router->runRouteWithinStack()
#53 /home/developer/brance/blocks/vendor/laravel/framework/src/Illuminate/Routing/Router.php(636): Illuminate\\Routing\\Router->runRoute()
#54 /home/developer/brance/blocks/vendor/laravel/framework/src/Illuminate/Routing/Router.php(625): Illuminate\\Routing\\Router->dispatchToRoute()
#55 /home/developer/brance/blocks/vendor/laravel/framework/src/Illuminate/Foundation/Http/Kernel.php(167): Illuminate\\Routing\\Router->dispatch()
#56 /home/developer/brance/blocks/vendor/laravel/framework/src/Illuminate/Pipeline/Pipeline.php(128): Illuminate\\Foundation\\Http\\Kernel->Illuminate\\Foundation\\Http\\{closure}()
#57 /home/developer/brance/blocks/vendor/laravel/framework/src/Illuminate/Foundation/Http/Middleware/TransformsRequest.php(21): Illuminate\\Pipeline\\Pipeline->Illuminate\\Pipeline\\{closure}()
#58 /home/developer/brance/blocks/vendor/laravel/framework/src/Illuminate/Foundation/Http/Middleware/ConvertEmptyStringsToNull.php(31): Illuminate\\Foundation\\Http\\Middleware\\TransformsRequest->handle()
#59 /home/developer/brance/blocks/vendor/laravel/framework/src/Illuminate/Pipeline/Pipeline.php(167): Illuminate\\Foundation\\Http\\Middleware\\ConvertEmptyStringsToNull->handle()
#60 /home/developer/brance/blocks/vendor/laravel/framework/src/Illuminate/Foundation/Http/Middleware/TransformsRequest.php(21): Illuminate\\Pipeline\\Pipeline->Illuminate\\Pipeline\\{closure}()
#61 /home/developer/brance/blocks/vendor/laravel/framework/src/Illuminate/Foundation/Http/Middleware/TrimStrings.php(40): Illuminate\\Foundation\\Http\\Middleware\\TransformsRequest->handle()
#62 /home/developer/brance/blocks/vendor/laravel/framework/src/Illuminate/Pipeline/Pipeline.php(167): Illuminate\\Foundation\\Http\\Middleware\\TrimStrings->handle()
#63 /home/developer/brance/blocks/vendor/laravel/framework/src/Illuminate/Foundation/Http/Middleware/ValidatePostSize.php(27): Illuminate\\Pipeline\\Pipeline->Illuminate\\Pipeline\\{closure}()
#64 /home/developer/brance/blocks/vendor/laravel/framework/src/Illuminate/Pipeline/Pipeline.php(167): Illuminate\\Foundation\\Http\\Middleware\\ValidatePostSize->handle()
#65 /home/developer/brance/blocks/vendor/laravel/framework/src/Illuminate/Foundation/Http/Middleware/PreventRequestsDuringMaintenance.php(86): Illuminate\\Pipeline\\Pipeline->Illuminate\\Pipeline\\{closure}()
#66 /home/developer/brance/blocks/vendor/laravel/framework/src/Illuminate/Pipeline/Pipeline.php(167): Illuminate\\Foundation\\Http\\Middleware\\PreventRequestsDuringMaintenance->handle()
#67 /home/developer/brance/blocks/vendor/fruitcake/laravel-cors/src/HandleCors.php(38): Illuminate\\Pipeline\\Pipeline->Illuminate\\Pipeline\\{closure}()
#68 /home/developer/brance/blocks/vendor/laravel/framework/src/Illuminate/Pipeline/Pipeline.php(167): Fruitcake\\Cors\\HandleCors->handle()
#69 /home/developer/brance/blocks/vendor/fideloper/proxy/src/TrustProxies.php(57): Illuminate\\Pipeline\\Pipeline->Illuminate\\Pipeline\\{closure}()
#70 /home/developer/brance/blocks/vendor/laravel/framework/src/Illuminate/Pipeline/Pipeline.php(167): Fideloper\\Proxy\\TrustProxies->handle()
#71 /home/developer/brance/blocks/vendor/laravel/framework/src/Illuminate/Pipeline/Pipeline.php(103): Illuminate\\Pipeline\\Pipeline->Illuminate\\Pipeline\\{closure}()
#72 /home/developer/brance/blocks/vendor/laravel/framework/src/Illuminate/Foundation/Http/Kernel.php(142): Illuminate\\Pipeline\\Pipeline->then()
#73 /home/developer/brance/blocks/vendor/laravel/framework/src/Illuminate/Foundation/Http/Kernel.php(111): Illuminate\\Foundation\\Http\\Kernel->sendRequestThroughRouter()
#74 /home/developer/brance/blocks/public/index.php(52): Illuminate\\Foundation\\Http\\Kernel->handle()
#75 /home/developer/brance/blocks/server.php(21): require_once('/home/developer...')
#76 {main}

[previous exception] [object] (TypeError(code: 0): Argument 1 passed to Spatie\\MediaLibrary\\MediaCollections\\MediaRepository::getCollection() must implement interface Spatie\\MediaLibrary\\HasMedia, instance of App\\Models\\Property given, called in /home/developer/brance/blocks/vendor/spatie/laravel-medialibrary/src/InteractsWithMedia.php on line 245 at /home/developer/brance/blocks/vendor/spatie/laravel-medialibrary/src/MediaCollections/MediaRepository.php:30)
[stacktrace]
#0 /home/developer/brance/blocks/vendor/spatie/laravel-medialibrary/src/InteractsWithMedia.php(245): Spatie\\MediaLibrary\\MediaCollections\\MediaRepository->getCollection()
#1 /home/developer/brance/blocks/app/Models/Property.php(56): App\\Models\\Property->getMedia()
#2 /home/developer/brance/blocks/vendor/laravel/framework/src/Illuminate/Database/Eloquent/Concerns/HasAttributes.php(612): App\\Models\\Property->getPicturesAttribute()
#3 /home/developer/brance/blocks/vendor/laravel/framework/src/Illuminate/Database/Eloquent/Concerns/HasAttributes.php(660): Illuminate\\Database\\Eloquent\\Model->mutateAttribute()
#4 /home/developer/brance/blocks/vendor/laravel/framework/src/Illuminate/Database/Eloquent/Concerns/HasAttributes.php(201): Illuminate\\Database\\Eloquent\\Model->mutateAttributeForArray()
#5 /home/developer/brance/blocks/vendor/laravel/framework/src/Illuminate/Database/Eloquent/Model.php(1485): Illuminate\\Database\\Eloquent\\Model->attributesToArray()
#6 /home/developer/brance/blocks/vendor/laravel/framework/src/Illuminate/Database/Eloquent/Concerns/HasAttributes.php(351): Illuminate\\Database\\Eloquent\\Model->toArray()
#7 /home/developer/brance/blocks/vendor/laravel/framework/src/Illuminate/Database/Eloquent/Model.php(1485): Illuminate\\Database\\Eloquent\\Model->relationsToArray()
#8 /home/developer/brance/blocks/vendor/laravel/framework/src/Illuminate/Database/Eloquent/Model.php(1515): Illuminate\\Database\\Eloquent\\Model->toArray()
#9 /home/developer/brance/blocks/vendor/laravel/framework/src/Illuminate/Collections/Traits/EnumeratesValues.php(886): Illuminate\\Database\\Eloquent\\Model->jsonSerialize()
#10 [internal function]: Illuminate\\Support\\Collection->Illuminate\\Support\\Traits\\{closure}()
#11 /home/developer/brance/blocks/vendor/laravel/framework/src/Illuminate/Collections/Traits/EnumeratesValues.php(894): array_map()
#12 /home/developer/brance/blocks/vendor/laravel/framework/src/Illuminate/Collections/Traits/EnumeratesValues.php(905): Illuminate\\Support\\Collection->jsonSerialize()
#13 /home/developer/brance/blocks/vendor/laravel/framework/src/Illuminate/Collections/Traits/EnumeratesValues.php(928): Illuminate\\Support\\Collection->toJson()
#14 [internal function]: Illuminate\\Support\\Collection->__toString()
#15 /home/developer/brance/blocks/vendor/laravel/framework/src/Illuminate/Support/helpers.php(118): htmlspecialchars()
#16 /home/developer/brance/blocks/storage/framework/views/253f14fe77393b8b178ec4ab28aab05aa065a619.php(71): e()
#17 /home/developer/brance/blocks/vendor/laravel/framework/src/Illuminate/Filesystem/Filesystem.php(107): require('/home/developer...')
#18 /home/developer/brance/blocks/vendor/laravel/framework/src/Illuminate/Filesystem/Filesystem.php(108): Illuminate\\Filesystem\\Filesystem::Illuminate\\Filesystem\\{closure}()
#19 /home/developer/brance/blocks/vendor/laravel/framework/src/Illuminate/View/Engines/PhpEngine.php(58): Illuminate\\Filesystem\\Filesystem->getRequire()
#20 /home/developer/brance/blocks/vendor/laravel/framework/src/Illuminate/View/Engines/CompilerEngine.php(61): Illuminate\\View\\Engines\\PhpEngine->evaluatePath()
#21 /home/developer/brance/blocks/vendor/facade/ignition/src/Views/Engines/CompilerEngine.php(37): Illuminate\\View\\Engines\\CompilerEngine->get()
#22 /home/developer/brance/blocks/vendor/laravel/framework/src/Illuminate/View/View.php(139): Facade\\Ignition\\Views\\Engines\\CompilerEngine->get()
#23 /home/developer/brance/blocks/vendor/laravel/framework/src/Illuminate/View/View.php(122): Illuminate\\View\\View->getContents()
#24 /home/developer/brance/blocks/vendor/laravel/framework/src/Illuminate/View/View.php(91): Illuminate\\View\\View->renderContents()
#25 /home/developer/brance/blocks/vendor/laravel/framework/src/Illuminate/Http/Response.php(69): Illuminate\\View\\View->render()
#26 /home/developer/brance/blocks/vendor/laravel/framework/src/Illuminate/Http/Response.php(35): Illuminate\\Http\\Response->setContent()
#27 /home/developer/brance/blocks/vendor/laravel/framework/src/Illuminate/Routing/Router.php(794): Illuminate\\Http\\Response->__construct()
#28 /home/developer/brance/blocks/vendor/laravel/framework/src/Illuminate/Routing/Router.php(763): Illuminate\\Routing\\Router::toResponse()
#29 /home/developer/brance/blocks/vendor/laravel/framework/src/Illuminate/Routing/Router.php(695): Illuminate\\Routing\\Router->prepareResponse()
#30 /home/developer/brance/blocks/vendor/laravel/framework/src/Illuminate/Pipeline/Pipeline.php(128): Illuminate\\Routing\\Router->Illuminate\\Routing\\{closure}()
#31 /home/developer/brance/blocks/app/Http/Middleware/SetLocale.php(24): Illuminate\\Pipeline\\Pipeline->Illuminate\\Pipeline\\{closure}()
#32 /home/developer/brance/blocks/vendor/laravel/framework/src/Illuminate/Pipeline/Pipeline.php(167): App\\Http\\Middleware\\SetLocale->handle()
#33 /home/developer/brance/blocks/app/Http/Middleware/AuthGates.php(29): Illuminate\\Pipeline\\Pipeline->Illuminate\\Pipeline\\{closure}()
#34 /home/developer/brance/blocks/vendor/laravel/framework/src/Illuminate/Pipeline/Pipeline.php(167): App\\Http\\Middleware\\AuthGates->handle()
#35 /home/developer/brance/blocks/vendor/laravel/framework/src/Illuminate/Routing/Middleware/SubstituteBindings.php(50): Illuminate\\Pipeline\\Pipeline->Illuminate\\Pipeline\\{closure}()
#36 /home/developer/brance/blocks/vendor/laravel/framework/src/Illuminate/Pipeline/Pipeline.php(167): Illuminate\\Routing\\Middleware\\SubstituteBindings->handle()
#37 /home/developer/brance/blocks/vendor/laravel/framework/src/Illuminate/Auth/Middleware/Authenticate.php(44): Illuminate\\Pipeline\\Pipeline->Illuminate\\Pipeline\\{closure}()
#38 /home/developer/brance/blocks/vendor/laravel/framework/src/Illuminate/Pipeline/Pipeline.php(167): Illuminate\\Auth\\Middleware\\Authenticate->handle()
#39 /home/developer/brance/blocks/vendor/laravel/framework/src/Illuminate/Foundation/Http/Middleware/VerifyCsrfToken.php(78): Illuminate\\Pipeline\\Pipeline->Illuminate\\Pipeline\\{closure}()
#40 /home/developer/brance/blocks/vendor/laravel/framework/src/Illuminate/Pipeline/Pipeline.php(167): Illuminate\\Foundation\\Http\\Middleware\\VerifyCsrfToken->handle()
#41 /home/developer/brance/blocks/vendor/laravel/framework/src/Illuminate/View/Middleware/ShareErrorsFromSession.php(49): Illuminate\\Pipeline\\Pipeline->Illuminate\\Pipeline\\{closure}()
#42 /home/developer/brance/blocks/vendor/laravel/framework/src/Illuminate/Pipeline/Pipeline.php(167): Illuminate\\View\\Middleware\\ShareErrorsFromSession->handle()
#43 /home/developer/brance/blocks/vendor/laravel/framework/src/Illuminate/Session/Middleware/StartSession.php(121): Illuminate\\Pipeline\\Pipeline->Illuminate\\Pipeline\\{closure}()
#44 /home/developer/brance/blocks/vendor/laravel/framework/src/Illuminate/Session/Middleware/StartSession.php(64): Illuminate\\Session\\Middleware\\StartSession->handleStatefulRequest()
#45 /home/developer/brance/blocks/vendor/laravel/framework/src/Illuminate/Pipeline/Pipeline.php(167): Illuminate\\Session\\Middleware\\StartSession->handle()
#46 /home/developer/brance/blocks/vendor/laravel/framework/src/Illuminate/Cookie/Middleware/AddQueuedCookiesToResponse.php(37): Illuminate\\Pipeline\\Pipeline->Illuminate\\Pipeline\\{closure}()
#47 /home/developer/brance/blocks/vendor/laravel/framework/src/Illuminate/Pipeline/Pipeline.php(167): Illuminate\\Cookie\\Middleware\\AddQueuedCookiesToResponse->handle()
#48 /home/developer/brance/blocks/vendor/laravel/framework/src/Illuminate/Cookie/Middleware/EncryptCookies.php(67): Illuminate\\Pipeline\\Pipeline->Illuminate\\Pipeline\\{closure}()
#49 /home/developer/brance/blocks/vendor/laravel/framework/src/Illuminate/Pipeline/Pipeline.php(167): Illuminate\\Cookie\\Middleware\\EncryptCookies->handle()
#50 /home/developer/brance/blocks/vendor/laravel/framework/src/Illuminate/Pipeline/Pipeline.php(103): Illuminate\\Pipeline\\Pipeline->Illuminate\\Pipeline\\{closure}()
#51 /home/developer/brance/blocks/vendor/laravel/framework/src/Illuminate/Routing/Router.php(697): Illuminate\\Pipeline\\Pipeline->then()
#52 /home/developer/brance/blocks/vendor/laravel/framework/src/Illuminate/Routing/Router.php(672): Illuminate\\Routing\\Router->runRouteWithinStack()
#53 /home/developer/brance/blocks/vendor/laravel/framework/src/Illuminate/Routing/Router.php(636): Illuminate\\Routing\\Router->runRoute()
#54 /home/developer/brance/blocks/vendor/laravel/framework/src/Illuminate/Routing/Router.php(625): Illuminate\\Routing\\Router->dispatchToRoute()
#55 /home/developer/brance/blocks/vendor/laravel/framework/src/Illuminate/Foundation/Http/Kernel.php(167): Illuminate\\Routing\\Router->dispatch()
#56 /home/developer/brance/blocks/vendor/laravel/framework/src/Illuminate/Pipeline/Pipeline.php(128): Illuminate\\Foundation\\Http\\Kernel->Illuminate\\Foundation\\Http\\{closure}()
#57 /home/developer/brance/blocks/vendor/laravel/framework/src/Illuminate/Foundation/Http/Middleware/TransformsRequest.php(21): Illuminate\\Pipeline\\Pipeline->Illuminate\\Pipeline\\{closure}()
#58 /home/developer/brance/blocks/vendor/laravel/framework/src/Illuminate/Foundation/Http/Middleware/ConvertEmptyStringsToNull.php(31): Illuminate\\Foundation\\Http\\Middleware\\TransformsRequest->handle()
#59 /home/developer/brance/blocks/vendor/laravel/framework/src/Illuminate/Pipeline/Pipeline.php(167): Illuminate\\Foundation\\Http\\Middleware\\ConvertEmptyStringsToNull->handle()
#60 /home/developer/brance/blocks/vendor/laravel/framework/src/Illuminate/Foundation/Http/Middleware/TransformsRequest.php(21): Illuminate\\Pipeline\\Pipeline->Illuminate\\Pipeline\\{closure}()
#61 /home/developer/brance/blocks/vendor/laravel/framework/src/Illuminate/Foundation/Http/Middleware/TrimStrings.php(40): Illuminate\\Foundation\\Http\\Middleware\\TransformsRequest->handle()
#62 /home/developer/brance/blocks/vendor/laravel/framework/src/Illuminate/Pipeline/Pipeline.php(167): Illuminate\\Foundation\\Http\\Middleware\\TrimStrings->handle()
#63 /home/developer/brance/blocks/vendor/laravel/framework/src/Illuminate/Foundation/Http/Middleware/ValidatePostSize.php(27): Illuminate\\Pipeline\\Pipeline->Illuminate\\Pipeline\\{closure}()
#64 /home/developer/brance/blocks/vendor/laravel/framework/src/Illuminate/Pipeline/Pipeline.php(167): Illuminate\\Foundation\\Http\\Middleware\\ValidatePostSize->handle()
#65 /home/developer/brance/blocks/vendor/laravel/framework/src/Illuminate/Foundation/Http/Middleware/PreventRequestsDuringMaintenance.php(86): Illuminate\\Pipeline\\Pipeline->Illuminate\\Pipeline\\{closure}()
#66 /home/developer/brance/blocks/vendor/laravel/framework/src/Illuminate/Pipeline/Pipeline.php(167): Illuminate\\Foundation\\Http\\Middleware\\PreventRequestsDuringMaintenance->handle()
#67 /home/developer/brance/blocks/vendor/fruitcake/laravel-cors/src/HandleCors.php(38): Illuminate\\Pipeline\\Pipeline->Illuminate\\Pipeline\\{closure}()
#68 /home/developer/brance/blocks/vendor/laravel/framework/src/Illuminate/Pipeline/Pipeline.php(167): Fruitcake\\Cors\\HandleCors->handle()
#69 /home/developer/brance/blocks/vendor/fideloper/proxy/src/TrustProxies.php(57): Illuminate\\Pipeline\\Pipeline->Illuminate\\Pipeline\\{closure}()
#70 /home/developer/brance/blocks/vendor/laravel/framework/src/Illuminate/Pipeline/Pipeline.php(167): Fideloper\\Proxy\\TrustProxies->handle()
#71 /home/developer/brance/blocks/vendor/laravel/framework/src/Illuminate/Pipeline/Pipeline.php(103): Illuminate\\Pipeline\\Pipeline->Illuminate\\Pipeline\\{closure}()
#72 /home/developer/brance/blocks/vendor/laravel/framework/src/Illuminate/Foundation/Http/Kernel.php(142): Illuminate\\Pipeline\\Pipeline->then()
#73 /home/developer/brance/blocks/vendor/laravel/framework/src/Illuminate/Foundation/Http/Kernel.php(111): Illuminate\\Foundation\\Http\\Kernel->sendRequestThroughRouter()
#74 /home/developer/brance/blocks/public/index.php(52): Illuminate\\Foundation\\Http\\Kernel->handle()
#75 /home/developer/brance/blocks/server.php(21): require_once('/home/developer...')
#76 {main}
"} 
[2022-03-28 22:58:50] local.ERROR: Argument 1 passed to Spatie\MediaLibrary\MediaCollections\MediaRepository::getCollection() must implement interface Spatie\MediaLibrary\HasMedia, instance of App\Models\Property given, called in /home/developer/brance/blocks/vendor/spatie/laravel-medialibrary/src/InteractsWithMedia.php on line 245 (View: /home/developer/brance/blocks/resources/views/admin/penalties/create.blade.php) {"view":{"view":"/home/developer/brance/blocks/vendor/spatie/laravel-medialibrary/src/MediaCollections/MediaRepository.php","data":[]},"userId":2,"exception":"[object] (Facade\\Ignition\\Exceptions\\ViewException(code: 0): Argument 1 passed to Spatie\\MediaLibrary\\MediaCollections\\MediaRepository::getCollection() must implement interface Spatie\\MediaLibrary\\HasMedia, instance of App\\Models\\Property given, called in /home/developer/brance/blocks/vendor/spatie/laravel-medialibrary/src/InteractsWithMedia.php on line 245 (View: /home/developer/brance/blocks/resources/views/admin/penalties/create.blade.php) at /home/developer/brance/blocks/vendor/spatie/laravel-medialibrary/src/MediaCollections/MediaRepository.php:30)
[stacktrace]
#0 /home/developer/brance/blocks/vendor/spatie/laravel-medialibrary/src/InteractsWithMedia.php(245): Spatie\\MediaLibrary\\MediaCollections\\MediaRepository->getCollection()
#1 /home/developer/brance/blocks/app/Models/Property.php(56): App\\Models\\Property->getMedia()
#2 /home/developer/brance/blocks/vendor/laravel/framework/src/Illuminate/Database/Eloquent/Concerns/HasAttributes.php(612): App\\Models\\Property->getPicturesAttribute()
#3 /home/developer/brance/blocks/vendor/laravel/framework/src/Illuminate/Database/Eloquent/Concerns/HasAttributes.php(660): Illuminate\\Database\\Eloquent\\Model->mutateAttribute()
#4 /home/developer/brance/blocks/vendor/laravel/framework/src/Illuminate/Database/Eloquent/Concerns/HasAttributes.php(201): Illuminate\\Database\\Eloquent\\Model->mutateAttributeForArray()
#5 /home/developer/brance/blocks/vendor/laravel/framework/src/Illuminate/Database/Eloquent/Model.php(1485): Illuminate\\Database\\Eloquent\\Model->attributesToArray()
#6 /home/developer/brance/blocks/vendor/laravel/framework/src/Illuminate/Database/Eloquent/Concerns/HasAttributes.php(351): Illuminate\\Database\\Eloquent\\Model->toArray()
#7 /home/developer/brance/blocks/vendor/laravel/framework/src/Illuminate/Database/Eloquent/Model.php(1485): Illuminate\\Database\\Eloquent\\Model->relationsToArray()
#8 /home/developer/brance/blocks/vendor/laravel/framework/src/Illuminate/Database/Eloquent/Model.php(1515): Illuminate\\Database\\Eloquent\\Model->toArray()
#9 /home/developer/brance/blocks/vendor/laravel/framework/src/Illuminate/Collections/Traits/EnumeratesValues.php(886): Illuminate\\Database\\Eloquent\\Model->jsonSerialize()
#10 [internal function]: Illuminate\\Support\\Collection->Illuminate\\Support\\Traits\\{closure}()
#11 /home/developer/brance/blocks/vendor/laravel/framework/src/Illuminate/Collections/Traits/EnumeratesValues.php(894): array_map()
#12 /home/developer/brance/blocks/vendor/laravel/framework/src/Illuminate/Collections/Traits/EnumeratesValues.php(905): Illuminate\\Support\\Collection->jsonSerialize()
#13 /home/developer/brance/blocks/vendor/laravel/framework/src/Illuminate/Collections/Traits/EnumeratesValues.php(928): Illuminate\\Support\\Collection->toJson()
#14 [internal function]: Illuminate\\Support\\Collection->__toString()
#15 /home/developer/brance/blocks/vendor/laravel/framework/src/Illuminate/Support/helpers.php(118): htmlspecialchars()
#16 /home/developer/brance/blocks/resources/views/admin/penalties/create.blade.php(72): e()
#17 /home/developer/brance/blocks/vendor/laravel/framework/src/Illuminate/Filesystem/Filesystem.php(107): require('/home/developer...')
#18 /home/developer/brance/blocks/vendor/laravel/framework/src/Illuminate/Filesystem/Filesystem.php(108): Illuminate\\Filesystem\\Filesystem::Illuminate\\Filesystem\\{closure}()
#19 /home/developer/brance/blocks/vendor/laravel/framework/src/Illuminate/View/Engines/PhpEngine.php(58): Illuminate\\Filesystem\\Filesystem->getRequire()
#20 /home/developer/brance/blocks/vendor/laravel/framework/src/Illuminate/View/Engines/CompilerEngine.php(61): Illuminate\\View\\Engines\\PhpEngine->evaluatePath()
#21 /home/developer/brance/blocks/vendor/facade/ignition/src/Views/Engines/CompilerEngine.php(37): Illuminate\\View\\Engines\\CompilerEngine->get()
#22 /home/developer/brance/blocks/vendor/laravel/framework/src/Illuminate/View/View.php(139): Facade\\Ignition\\Views\\Engines\\CompilerEngine->get()
#23 /home/developer/brance/blocks/vendor/laravel/framework/src/Illuminate/View/View.php(122): Illuminate\\View\\View->getContents()
#24 /home/developer/brance/blocks/vendor/laravel/framework/src/Illuminate/View/View.php(91): Illuminate\\View\\View->renderContents()
#25 /home/developer/brance/blocks/vendor/laravel/framework/src/Illuminate/Http/Response.php(69): Illuminate\\View\\View->render()
#26 /home/developer/brance/blocks/vendor/laravel/framework/src/Illuminate/Http/Response.php(35): Illuminate\\Http\\Response->setContent()
#27 /home/developer/brance/blocks/vendor/laravel/framework/src/Illuminate/Routing/Router.php(794): Illuminate\\Http\\Response->__construct()
#28 /home/developer/brance/blocks/vendor/laravel/framework/src/Illuminate/Routing/Router.php(763): Illuminate\\Routing\\Router::toResponse()
#29 /home/developer/brance/blocks/vendor/laravel/framework/src/Illuminate/Routing/Router.php(695): Illuminate\\Routing\\Router->prepareResponse()
#30 /home/developer/brance/blocks/vendor/laravel/framework/src/Illuminate/Pipeline/Pipeline.php(128): Illuminate\\Routing\\Router->Illuminate\\Routing\\{closure}()
#31 /home/developer/brance/blocks/app/Http/Middleware/SetLocale.php(24): Illuminate\\Pipeline\\Pipeline->Illuminate\\Pipeline\\{closure}()
#32 /home/developer/brance/blocks/vendor/laravel/framework/src/Illuminate/Pipeline/Pipeline.php(167): App\\Http\\Middleware\\SetLocale->handle()
#33 /home/developer/brance/blocks/app/Http/Middleware/AuthGates.php(29): Illuminate\\Pipeline\\Pipeline->Illuminate\\Pipeline\\{closure}()
#34 /home/developer/brance/blocks/vendor/laravel/framework/src/Illuminate/Pipeline/Pipeline.php(167): App\\Http\\Middleware\\AuthGates->handle()
#35 /home/developer/brance/blocks/vendor/laravel/framework/src/Illuminate/Routing/Middleware/SubstituteBindings.php(50): Illuminate\\Pipeline\\Pipeline->Illuminate\\Pipeline\\{closure}()
#36 /home/developer/brance/blocks/vendor/laravel/framework/src/Illuminate/Pipeline/Pipeline.php(167): Illuminate\\Routing\\Middleware\\SubstituteBindings->handle()
#37 /home/developer/brance/blocks/vendor/laravel/framework/src/Illuminate/Auth/Middleware/Authenticate.php(44): Illuminate\\Pipeline\\Pipeline->Illuminate\\Pipeline\\{closure}()
#38 /home/developer/brance/blocks/vendor/laravel/framework/src/Illuminate/Pipeline/Pipeline.php(167): Illuminate\\Auth\\Middleware\\Authenticate->handle()
#39 /home/developer/brance/blocks/vendor/laravel/framework/src/Illuminate/Foundation/Http/Middleware/VerifyCsrfToken.php(78): Illuminate\\Pipeline\\Pipeline->Illuminate\\Pipeline\\{closure}()
#40 /home/developer/brance/blocks/vendor/laravel/framework/src/Illuminate/Pipeline/Pipeline.php(167): Illuminate\\Foundation\\Http\\Middleware\\VerifyCsrfToken->handle()
#41 /home/developer/brance/blocks/vendor/laravel/framework/src/Illuminate/View/Middleware/ShareErrorsFromSession.php(49): Illuminate\\Pipeline\\Pipeline->Illuminate\\Pipeline\\{closure}()
#42 /home/developer/brance/blocks/vendor/laravel/framework/src/Illuminate/Pipeline/Pipeline.php(167): Illuminate\\View\\Middleware\\ShareErrorsFromSession->handle()
#43 /home/developer/brance/blocks/vendor/laravel/framework/src/Illuminate/Session/Middleware/StartSession.php(121): Illuminate\\Pipeline\\Pipeline->Illuminate\\Pipeline\\{closure}()
#44 /home/developer/brance/blocks/vendor/laravel/framework/src/Illuminate/Session/Middleware/StartSession.php(64): Illuminate\\Session\\Middleware\\StartSession->handleStatefulRequest()
#45 /home/developer/brance/blocks/vendor/laravel/framework/src/Illuminate/Pipeline/Pipeline.php(167): Illuminate\\Session\\Middleware\\StartSession->handle()
#46 /home/developer/brance/blocks/vendor/laravel/framework/src/Illuminate/Cookie/Middleware/AddQueuedCookiesToResponse.php(37): Illuminate\\Pipeline\\Pipeline->Illuminate\\Pipeline\\{closure}()
#47 /home/developer/brance/blocks/vendor/laravel/framework/src/Illuminate/Pipeline/Pipeline.php(167): Illuminate\\Cookie\\Middleware\\AddQueuedCookiesToResponse->handle()
#48 /home/developer/brance/blocks/vendor/laravel/framework/src/Illuminate/Cookie/Middleware/EncryptCookies.php(67): Illuminate\\Pipeline\\Pipeline->Illuminate\\Pipeline\\{closure}()
#49 /home/developer/brance/blocks/vendor/laravel/framework/src/Illuminate/Pipeline/Pipeline.php(167): Illuminate\\Cookie\\Middleware\\EncryptCookies->handle()
#50 /home/developer/brance/blocks/vendor/laravel/framework/src/Illuminate/Pipeline/Pipeline.php(103): Illuminate\\Pipeline\\Pipeline->Illuminate\\Pipeline\\{closure}()
#51 /home/developer/brance/blocks/vendor/laravel/framework/src/Illuminate/Routing/Router.php(697): Illuminate\\Pipeline\\Pipeline->then()
#52 /home/developer/brance/blocks/vendor/laravel/framework/src/Illuminate/Routing/Router.php(672): Illuminate\\Routing\\Router->runRouteWithinStack()
#53 /home/developer/brance/blocks/vendor/laravel/framework/src/Illuminate/Routing/Router.php(636): Illuminate\\Routing\\Router->runRoute()
#54 /home/developer/brance/blocks/vendor/laravel/framework/src/Illuminate/Routing/Router.php(625): Illuminate\\Routing\\Router->dispatchToRoute()
#55 /home/developer/brance/blocks/vendor/laravel/framework/src/Illuminate/Foundation/Http/Kernel.php(167): Illuminate\\Routing\\Router->dispatch()
#56 /home/developer/brance/blocks/vendor/laravel/framework/src/Illuminate/Pipeline/Pipeline.php(128): Illuminate\\Foundation\\Http\\Kernel->Illuminate\\Foundation\\Http\\{closure}()
#57 /home/developer/brance/blocks/vendor/laravel/framework/src/Illuminate/Foundation/Http/Middleware/TransformsRequest.php(21): Illuminate\\Pipeline\\Pipeline->Illuminate\\Pipeline\\{closure}()
#58 /home/developer/brance/blocks/vendor/laravel/framework/src/Illuminate/Foundation/Http/Middleware/ConvertEmptyStringsToNull.php(31): Illuminate\\Foundation\\Http\\Middleware\\TransformsRequest->handle()
#59 /home/developer/brance/blocks/vendor/laravel/framework/src/Illuminate/Pipeline/Pipeline.php(167): Illuminate\\Foundation\\Http\\Middleware\\ConvertEmptyStringsToNull->handle()
#60 /home/developer/brance/blocks/vendor/laravel/framework/src/Illuminate/Foundation/Http/Middleware/TransformsRequest.php(21): Illuminate\\Pipeline\\Pipeline->Illuminate\\Pipeline\\{closure}()
#61 /home/developer/brance/blocks/vendor/laravel/framework/src/Illuminate/Foundation/Http/Middleware/TrimStrings.php(40): Illuminate\\Foundation\\Http\\Middleware\\TransformsRequest->handle()
#62 /home/developer/brance/blocks/vendor/laravel/framework/src/Illuminate/Pipeline/Pipeline.php(167): Illuminate\\Foundation\\Http\\Middleware\\TrimStrings->handle()
#63 /home/developer/brance/blocks/vendor/laravel/framework/src/Illuminate/Foundation/Http/Middleware/ValidatePostSize.php(27): Illuminate\\Pipeline\\Pipeline->Illuminate\\Pipeline\\{closure}()
#64 /home/developer/brance/blocks/vendor/laravel/framework/src/Illuminate/Pipeline/Pipeline.php(167): Illuminate\\Foundation\\Http\\Middleware\\ValidatePostSize->handle()
#65 /home/developer/brance/blocks/vendor/laravel/framework/src/Illuminate/Foundation/Http/Middleware/PreventRequestsDuringMaintenance.php(86): Illuminate\\Pipeline\\Pipeline->Illuminate\\Pipeline\\{closure}()
#66 /home/developer/brance/blocks/vendor/laravel/framework/src/Illuminate/Pipeline/Pipeline.php(167): Illuminate\\Foundation\\Http\\Middleware\\PreventRequestsDuringMaintenance->handle()
#67 /home/developer/brance/blocks/vendor/fruitcake/laravel-cors/src/HandleCors.php(38): Illuminate\\Pipeline\\Pipeline->Illuminate\\Pipeline\\{closure}()
#68 /home/developer/brance/blocks/vendor/laravel/framework/src/Illuminate/Pipeline/Pipeline.php(167): Fruitcake\\Cors\\HandleCors->handle()
#69 /home/developer/brance/blocks/vendor/fideloper/proxy/src/TrustProxies.php(57): Illuminate\\Pipeline\\Pipeline->Illuminate\\Pipeline\\{closure}()
#70 /home/developer/brance/blocks/vendor/laravel/framework/src/Illuminate/Pipeline/Pipeline.php(167): Fideloper\\Proxy\\TrustProxies->handle()
#71 /home/developer/brance/blocks/vendor/laravel/framework/src/Illuminate/Pipeline/Pipeline.php(103): Illuminate\\Pipeline\\Pipeline->Illuminate\\Pipeline\\{closure}()
#72 /home/developer/brance/blocks/vendor/laravel/framework/src/Illuminate/Foundation/Http/Kernel.php(142): Illuminate\\Pipeline\\Pipeline->then()
#73 /home/developer/brance/blocks/vendor/laravel/framework/src/Illuminate/Foundation/Http/Kernel.php(111): Illuminate\\Foundation\\Http\\Kernel->sendRequestThroughRouter()
#74 /home/developer/brance/blocks/public/index.php(52): Illuminate\\Foundation\\Http\\Kernel->handle()
#75 /home/developer/brance/blocks/server.php(21): require_once('/home/developer...')
#76 {main}

[previous exception] [object] (TypeError(code: 0): Argument 1 passed to Spatie\\MediaLibrary\\MediaCollections\\MediaRepository::getCollection() must implement interface Spatie\\MediaLibrary\\HasMedia, instance of App\\Models\\Property given, called in /home/developer/brance/blocks/vendor/spatie/laravel-medialibrary/src/InteractsWithMedia.php on line 245 at /home/developer/brance/blocks/vendor/spatie/laravel-medialibrary/src/MediaCollections/MediaRepository.php:30)
[stacktrace]
#0 /home/developer/brance/blocks/vendor/spatie/laravel-medialibrary/src/InteractsWithMedia.php(245): Spatie\\MediaLibrary\\MediaCollections\\MediaRepository->getCollection()
#1 /home/developer/brance/blocks/app/Models/Property.php(56): App\\Models\\Property->getMedia()
#2 /home/developer/brance/blocks/vendor/laravel/framework/src/Illuminate/Database/Eloquent/Concerns/HasAttributes.php(612): App\\Models\\Property->getPicturesAttribute()
#3 /home/developer/brance/blocks/vendor/laravel/framework/src/Illuminate/Database/Eloquent/Concerns/HasAttributes.php(660): Illuminate\\Database\\Eloquent\\Model->mutateAttribute()
#4 /home/developer/brance/blocks/vendor/laravel/framework/src/Illuminate/Database/Eloquent/Concerns/HasAttributes.php(201): Illuminate\\Database\\Eloquent\\Model->mutateAttributeForArray()
#5 /home/developer/brance/blocks/vendor/laravel/framework/src/Illuminate/Database/Eloquent/Model.php(1485): Illuminate\\Database\\Eloquent\\Model->attributesToArray()
#6 /home/developer/brance/blocks/vendor/laravel/framework/src/Illuminate/Database/Eloquent/Concerns/HasAttributes.php(351): Illuminate\\Database\\Eloquent\\Model->toArray()
#7 /home/developer/brance/blocks/vendor/laravel/framework/src/Illuminate/Database/Eloquent/Model.php(1485): Illuminate\\Database\\Eloquent\\Model->relationsToArray()
#8 /home/developer/brance/blocks/vendor/laravel/framework/src/Illuminate/Database/Eloquent/Model.php(1515): Illuminate\\Database\\Eloquent\\Model->toArray()
#9 /home/developer/brance/blocks/vendor/laravel/framework/src/Illuminate/Collections/Traits/EnumeratesValues.php(886): Illuminate\\Database\\Eloquent\\Model->jsonSerialize()
#10 [internal function]: Illuminate\\Support\\Collection->Illuminate\\Support\\Traits\\{closure}()
#11 /home/developer/brance/blocks/vendor/laravel/framework/src/Illuminate/Collections/Traits/EnumeratesValues.php(894): array_map()
#12 /home/developer/brance/blocks/vendor/laravel/framework/src/Illuminate/Collections/Traits/EnumeratesValues.php(905): Illuminate\\Support\\Collection->jsonSerialize()
#13 /home/developer/brance/blocks/vendor/laravel/framework/src/Illuminate/Collections/Traits/EnumeratesValues.php(928): Illuminate\\Support\\Collection->toJson()
#14 [internal function]: Illuminate\\Support\\Collection->__toString()
#15 /home/developer/brance/blocks/vendor/laravel/framework/src/Illuminate/Support/helpers.php(118): htmlspecialchars()
#16 /home/developer/brance/blocks/storage/framework/views/253f14fe77393b8b178ec4ab28aab05aa065a619.php(71): e()
#17 /home/developer/brance/blocks/vendor/laravel/framework/src/Illuminate/Filesystem/Filesystem.php(107): require('/home/developer...')
#18 /home/developer/brance/blocks/vendor/laravel/framework/src/Illuminate/Filesystem/Filesystem.php(108): Illuminate\\Filesystem\\Filesystem::Illuminate\\Filesystem\\{closure}()
#19 /home/developer/brance/blocks/vendor/laravel/framework/src/Illuminate/View/Engines/PhpEngine.php(58): Illuminate\\Filesystem\\Filesystem->getRequire()
#20 /home/developer/brance/blocks/vendor/laravel/framework/src/Illuminate/View/Engines/CompilerEngine.php(61): Illuminate\\View\\Engines\\PhpEngine->evaluatePath()
#21 /home/developer/brance/blocks/vendor/facade/ignition/src/Views/Engines/CompilerEngine.php(37): Illuminate\\View\\Engines\\CompilerEngine->get()
#22 /home/developer/brance/blocks/vendor/laravel/framework/src/Illuminate/View/View.php(139): Facade\\Ignition\\Views\\Engines\\CompilerEngine->get()
#23 /home/developer/brance/blocks/vendor/laravel/framework/src/Illuminate/View/View.php(122): Illuminate\\View\\View->getContents()
#24 /home/developer/brance/blocks/vendor/laravel/framework/src/Illuminate/View/View.php(91): Illuminate\\View\\View->renderContents()
#25 /home/developer/brance/blocks/vendor/laravel/framework/src/Illuminate/Http/Response.php(69): Illuminate\\View\\View->render()
#26 /home/developer/brance/blocks/vendor/laravel/framework/src/Illuminate/Http/Response.php(35): Illuminate\\Http\\Response->setContent()
#27 /home/developer/brance/blocks/vendor/laravel/framework/src/Illuminate/Routing/Router.php(794): Illuminate\\Http\\Response->__construct()
#28 /home/developer/brance/blocks/vendor/laravel/framework/src/Illuminate/Routing/Router.php(763): Illuminate\\Routing\\Router::toResponse()
#29 /home/developer/brance/blocks/vendor/laravel/framework/src/Illuminate/Routing/Router.php(695): Illuminate\\Routing\\Router->prepareResponse()
#30 /home/developer/brance/blocks/vendor/laravel/framework/src/Illuminate/Pipeline/Pipeline.php(128): Illuminate\\Routing\\Router->Illuminate\\Routing\\{closure}()
#31 /home/developer/brance/blocks/app/Http/Middleware/SetLocale.php(24): Illuminate\\Pipeline\\Pipeline->Illuminate\\Pipeline\\{closure}()
#32 /home/developer/brance/blocks/vendor/laravel/framework/src/Illuminate/Pipeline/Pipeline.php(167): App\\Http\\Middleware\\SetLocale->handle()
#33 /home/developer/brance/blocks/app/Http/Middleware/AuthGates.php(29): Illuminate\\Pipeline\\Pipeline->Illuminate\\Pipeline\\{closure}()
#34 /home/developer/brance/blocks/vendor/laravel/framework/src/Illuminate/Pipeline/Pipeline.php(167): App\\Http\\Middleware\\AuthGates->handle()
#35 /home/developer/brance/blocks/vendor/laravel/framework/src/Illuminate/Routing/Middleware/SubstituteBindings.php(50): Illuminate\\Pipeline\\Pipeline->Illuminate\\Pipeline\\{closure}()
#36 /home/developer/brance/blocks/vendor/laravel/framework/src/Illuminate/Pipeline/Pipeline.php(167): Illuminate\\Routing\\Middleware\\SubstituteBindings->handle()
#37 /home/developer/brance/blocks/vendor/laravel/framework/src/Illuminate/Auth/Middleware/Authenticate.php(44): Illuminate\\Pipeline\\Pipeline->Illuminate\\Pipeline\\{closure}()
#38 /home/developer/brance/blocks/vendor/laravel/framework/src/Illuminate/Pipeline/Pipeline.php(167): Illuminate\\Auth\\Middleware\\Authenticate->handle()
#39 /home/developer/brance/blocks/vendor/laravel/framework/src/Illuminate/Foundation/Http/Middleware/VerifyCsrfToken.php(78): Illuminate\\Pipeline\\Pipeline->Illuminate\\Pipeline\\{closure}()
#40 /home/developer/brance/blocks/vendor/laravel/framework/src/Illuminate/Pipeline/Pipeline.php(167): Illuminate\\Foundation\\Http\\Middleware\\VerifyCsrfToken->handle()
#41 /home/developer/brance/blocks/vendor/laravel/framework/src/Illuminate/View/Middleware/ShareErrorsFromSession.php(49): Illuminate\\Pipeline\\Pipeline->Illuminate\\Pipeline\\{closure}()
#42 /home/developer/brance/blocks/vendor/laravel/framework/src/Illuminate/Pipeline/Pipeline.php(167): Illuminate\\View\\Middleware\\ShareErrorsFromSession->handle()
#43 /home/developer/brance/blocks/vendor/laravel/framework/src/Illuminate/Session/Middleware/StartSession.php(121): Illuminate\\Pipeline\\Pipeline->Illuminate\\Pipeline\\{closure}()
#44 /home/developer/brance/blocks/vendor/laravel/framework/src/Illuminate/Session/Middleware/StartSession.php(64): Illuminate\\Session\\Middleware\\StartSession->handleStatefulRequest()
#45 /home/developer/brance/blocks/vendor/laravel/framework/src/Illuminate/Pipeline/Pipeline.php(167): Illuminate\\Session\\Middleware\\StartSession->handle()
#46 /home/developer/brance/blocks/vendor/laravel/framework/src/Illuminate/Cookie/Middleware/AddQueuedCookiesToResponse.php(37): Illuminate\\Pipeline\\Pipeline->Illuminate\\Pipeline\\{closure}()
#47 /home/developer/brance/blocks/vendor/laravel/framework/src/Illuminate/Pipeline/Pipeline.php(167): Illuminate\\Cookie\\Middleware\\AddQueuedCookiesToResponse->handle()
#48 /home/developer/brance/blocks/vendor/laravel/framework/src/Illuminate/Cookie/Middleware/EncryptCookies.php(67): Illuminate\\Pipeline\\Pipeline->Illuminate\\Pipeline\\{closure}()
#49 /home/developer/brance/blocks/vendor/laravel/framework/src/Illuminate/Pipeline/Pipeline.php(167): Illuminate\\Cookie\\Middleware\\EncryptCookies->handle()
#50 /home/developer/brance/blocks/vendor/laravel/framework/src/Illuminate/Pipeline/Pipeline.php(103): Illuminate\\Pipeline\\Pipeline->Illuminate\\Pipeline\\{closure}()
#51 /home/developer/brance/blocks/vendor/laravel/framework/src/Illuminate/Routing/Router.php(697): Illuminate\\Pipeline\\Pipeline->then()
#52 /home/developer/brance/blocks/vendor/laravel/framework/src/Illuminate/Routing/Router.php(672): Illuminate\\Routing\\Router->runRouteWithinStack()
#53 /home/developer/brance/blocks/vendor/laravel/framework/src/Illuminate/Routing/Router.php(636): Illuminate\\Routing\\Router->runRoute()
#54 /home/developer/brance/blocks/vendor/laravel/framework/src/Illuminate/Routing/Router.php(625): Illuminate\\Routing\\Router->dispatchToRoute()
#55 /home/developer/brance/blocks/vendor/laravel/framework/src/Illuminate/Foundation/Http/Kernel.php(167): Illuminate\\Routing\\Router->dispatch()
#56 /home/developer/brance/blocks/vendor/laravel/framework/src/Illuminate/Pipeline/Pipeline.php(128): Illuminate\\Foundation\\Http\\Kernel->Illuminate\\Foundation\\Http\\{closure}()
#57 /home/developer/brance/blocks/vendor/laravel/framework/src/Illuminate/Foundation/Http/Middleware/TransformsRequest.php(21): Illuminate\\Pipeline\\Pipeline->Illuminate\\Pipeline\\{closure}()
#58 /home/developer/brance/blocks/vendor/laravel/framework/src/Illuminate/Foundation/Http/Middleware/ConvertEmptyStringsToNull.php(31): Illuminate\\Foundation\\Http\\Middleware\\TransformsRequest->handle()
#59 /home/developer/brance/blocks/vendor/laravel/framework/src/Illuminate/Pipeline/Pipeline.php(167): Illuminate\\Foundation\\Http\\Middleware\\ConvertEmptyStringsToNull->handle()
#60 /home/developer/brance/blocks/vendor/laravel/framework/src/Illuminate/Foundation/Http/Middleware/TransformsRequest.php(21): Illuminate\\Pipeline\\Pipeline->Illuminate\\Pipeline\\{closure}()
#61 /home/developer/brance/blocks/vendor/laravel/framework/src/Illuminate/Foundation/Http/Middleware/TrimStrings.php(40): Illuminate\\Foundation\\Http\\Middleware\\TransformsRequest->handle()
#62 /home/developer/brance/blocks/vendor/laravel/framework/src/Illuminate/Pipeline/Pipeline.php(167): Illuminate\\Foundation\\Http\\Middleware\\TrimStrings->handle()
#63 /home/developer/brance/blocks/vendor/laravel/framework/src/Illuminate/Foundation/Http/Middleware/ValidatePostSize.php(27): Illuminate\\Pipeline\\Pipeline->Illuminate\\Pipeline\\{closure}()
#64 /home/developer/brance/blocks/vendor/laravel/framework/src/Illuminate/Pipeline/Pipeline.php(167): Illuminate\\Foundation\\Http\\Middleware\\ValidatePostSize->handle()
#65 /home/developer/brance/blocks/vendor/laravel/framework/src/Illuminate/Foundation/Http/Middleware/PreventRequestsDuringMaintenance.php(86): Illuminate\\Pipeline\\Pipeline->Illuminate\\Pipeline\\{closure}()
#66 /home/developer/brance/blocks/vendor/laravel/framework/src/Illuminate/Pipeline/Pipeline.php(167): Illuminate\\Foundation\\Http\\Middleware\\PreventRequestsDuringMaintenance->handle()
#67 /home/developer/brance/blocks/vendor/fruitcake/laravel-cors/src/HandleCors.php(38): Illuminate\\Pipeline\\Pipeline->Illuminate\\Pipeline\\{closure}()
#68 /home/developer/brance/blocks/vendor/laravel/framework/src/Illuminate/Pipeline/Pipeline.php(167): Fruitcake\\Cors\\HandleCors->handle()
#69 /home/developer/brance/blocks/vendor/fideloper/proxy/src/TrustProxies.php(57): Illuminate\\Pipeline\\Pipeline->Illuminate\\Pipeline\\{closure}()
#70 /home/developer/brance/blocks/vendor/laravel/framework/src/Illuminate/Pipeline/Pipeline.php(167): Fideloper\\Proxy\\TrustProxies->handle()
#71 /home/developer/brance/blocks/vendor/laravel/framework/src/Illuminate/Pipeline/Pipeline.php(103): Illuminate\\Pipeline\\Pipeline->Illuminate\\Pipeline\\{closure}()
#72 /home/developer/brance/blocks/vendor/laravel/framework/src/Illuminate/Foundation/Http/Kernel.php(142): Illuminate\\Pipeline\\Pipeline->then()
#73 /home/developer/brance/blocks/vendor/laravel/framework/src/Illuminate/Foundation/Http/Kernel.php(111): Illuminate\\Foundation\\Http\\Kernel->sendRequestThroughRouter()
#74 /home/developer/brance/blocks/public/index.php(52): Illuminate\\Foundation\\Http\\Kernel->handle()
#75 /home/developer/brance/blocks/server.php(21): require_once('/home/developer...')
#76 {main}
"} 
[2022-03-28 23:00:16] local.ERROR: Property [penalties] does not exist on this collection instance. (View: /home/developer/brance/blocks/resources/views/admin/penalties/create.blade.php) {"view":{"view":"/home/developer/brance/blocks/vendor/laravel/framework/src/Illuminate/Collections/Traits/EnumeratesValues.php","data":[]},"userId":2,"exception":"[object] (Facade\\Ignition\\Exceptions\\ViewException(code: 0): Property [penalties] does not exist on this collection instance. (View: /home/developer/brance/blocks/resources/views/admin/penalties/create.blade.php) at /home/developer/brance/blocks/vendor/laravel/framework/src/Illuminate/Collections/Traits/EnumeratesValues.php:966)
[stacktrace]
#0 /home/developer/brance/blocks/resources/views/admin/penalties/create.blade.php(70): Illuminate\\Support\\Collection->__get()
#1 /home/developer/brance/blocks/vendor/laravel/framework/src/Illuminate/Filesystem/Filesystem.php(107): require('/home/developer...')
#2 /home/developer/brance/blocks/vendor/laravel/framework/src/Illuminate/Filesystem/Filesystem.php(108): Illuminate\\Filesystem\\Filesystem::Illuminate\\Filesystem\\{closure}()
#3 /home/developer/brance/blocks/vendor/laravel/framework/src/Illuminate/View/Engines/PhpEngine.php(58): Illuminate\\Filesystem\\Filesystem->getRequire()
#4 /home/developer/brance/blocks/vendor/laravel/framework/src/Illuminate/View/Engines/CompilerEngine.php(61): Illuminate\\View\\Engines\\PhpEngine->evaluatePath()
#5 /home/developer/brance/blocks/vendor/facade/ignition/src/Views/Engines/CompilerEngine.php(37): Illuminate\\View\\Engines\\CompilerEngine->get()
#6 /home/developer/brance/blocks/vendor/laravel/framework/src/Illuminate/View/View.php(139): Facade\\Ignition\\Views\\Engines\\CompilerEngine->get()
#7 /home/developer/brance/blocks/vendor/laravel/framework/src/Illuminate/View/View.php(122): Illuminate\\View\\View->getContents()
#8 /home/developer/brance/blocks/vendor/laravel/framework/src/Illuminate/View/View.php(91): Illuminate\\View\\View->renderContents()
#9 /home/developer/brance/blocks/vendor/laravel/framework/src/Illuminate/Http/Response.php(69): Illuminate\\View\\View->render()
#10 /home/developer/brance/blocks/vendor/laravel/framework/src/Illuminate/Http/Response.php(35): Illuminate\\Http\\Response->setContent()
#11 /home/developer/brance/blocks/vendor/laravel/framework/src/Illuminate/Routing/Router.php(794): Illuminate\\Http\\Response->__construct()
#12 /home/developer/brance/blocks/vendor/laravel/framework/src/Illuminate/Routing/Router.php(763): Illuminate\\Routing\\Router::toResponse()
#13 /home/developer/brance/blocks/vendor/laravel/framework/src/Illuminate/Routing/Router.php(695): Illuminate\\Routing\\Router->prepareResponse()
#14 /home/developer/brance/blocks/vendor/laravel/framework/src/Illuminate/Pipeline/Pipeline.php(128): Illuminate\\Routing\\Router->Illuminate\\Routing\\{closure}()
#15 /home/developer/brance/blocks/app/Http/Middleware/SetLocale.php(24): Illuminate\\Pipeline\\Pipeline->Illuminate\\Pipeline\\{closure}()
#16 /home/developer/brance/blocks/vendor/laravel/framework/src/Illuminate/Pipeline/Pipeline.php(167): App\\Http\\Middleware\\SetLocale->handle()
#17 /home/developer/brance/blocks/app/Http/Middleware/AuthGates.php(29): Illuminate\\Pipeline\\Pipeline->Illuminate\\Pipeline\\{closure}()
#18 /home/developer/brance/blocks/vendor/laravel/framework/src/Illuminate/Pipeline/Pipeline.php(167): App\\Http\\Middleware\\AuthGates->handle()
#19 /home/developer/brance/blocks/vendor/laravel/framework/src/Illuminate/Routing/Middleware/SubstituteBindings.php(50): Illuminate\\Pipeline\\Pipeline->Illuminate\\Pipeline\\{closure}()
#20 /home/developer/brance/blocks/vendor/laravel/framework/src/Illuminate/Pipeline/Pipeline.php(167): Illuminate\\Routing\\Middleware\\SubstituteBindings->handle()
#21 /home/developer/brance/blocks/vendor/laravel/framework/src/Illuminate/Auth/Middleware/Authenticate.php(44): Illuminate\\Pipeline\\Pipeline->Illuminate\\Pipeline\\{closure}()
#22 /home/developer/brance/blocks/vendor/laravel/framework/src/Illuminate/Pipeline/Pipeline.php(167): Illuminate\\Auth\\Middleware\\Authenticate->handle()
#23 /home/developer/brance/blocks/vendor/laravel/framework/src/Illuminate/Foundation/Http/Middleware/VerifyCsrfToken.php(78): Illuminate\\Pipeline\\Pipeline->Illuminate\\Pipeline\\{closure}()
#24 /home/developer/brance/blocks/vendor/laravel/framework/src/Illuminate/Pipeline/Pipeline.php(167): Illuminate\\Foundation\\Http\\Middleware\\VerifyCsrfToken->handle()
#25 /home/developer/brance/blocks/vendor/laravel/framework/src/Illuminate/View/Middleware/ShareErrorsFromSession.php(49): Illuminate\\Pipeline\\Pipeline->Illuminate\\Pipeline\\{closure}()
#26 /home/developer/brance/blocks/vendor/laravel/framework/src/Illuminate/Pipeline/Pipeline.php(167): Illuminate\\View\\Middleware\\ShareErrorsFromSession->handle()
#27 /home/developer/brance/blocks/vendor/laravel/framework/src/Illuminate/Session/Middleware/StartSession.php(121): Illuminate\\Pipeline\\Pipeline->Illuminate\\Pipeline\\{closure}()
#28 /home/developer/brance/blocks/vendor/laravel/framework/src/Illuminate/Session/Middleware/StartSession.php(64): Illuminate\\Session\\Middleware\\StartSession->handleStatefulRequest()
#29 /home/developer/brance/blocks/vendor/laravel/framework/src/Illuminate/Pipeline/Pipeline.php(167): Illuminate\\Session\\Middleware\\StartSession->handle()
#30 /home/developer/brance/blocks/vendor/laravel/framework/src/Illuminate/Cookie/Middleware/AddQueuedCookiesToResponse.php(37): Illuminate\\Pipeline\\Pipeline->Illuminate\\Pipeline\\{closure}()
#31 /home/developer/brance/blocks/vendor/laravel/framework/src/Illuminate/Pipeline/Pipeline.php(167): Illuminate\\Cookie\\Middleware\\AddQueuedCookiesToResponse->handle()
#32 /home/developer/brance/blocks/vendor/laravel/framework/src/Illuminate/Cookie/Middleware/EncryptCookies.php(67): Illuminate\\Pipeline\\Pipeline->Illuminate\\Pipeline\\{closure}()
#33 /home/developer/brance/blocks/vendor/laravel/framework/src/Illuminate/Pipeline/Pipeline.php(167): Illuminate\\Cookie\\Middleware\\EncryptCookies->handle()
#34 /home/developer/brance/blocks/vendor/laravel/framework/src/Illuminate/Pipeline/Pipeline.php(103): Illuminate\\Pipeline\\Pipeline->Illuminate\\Pipeline\\{closure}()
#35 /home/developer/brance/blocks/vendor/laravel/framework/src/Illuminate/Routing/Router.php(697): Illuminate\\Pipeline\\Pipeline->then()
#36 /home/developer/brance/blocks/vendor/laravel/framework/src/Illuminate/Routing/Router.php(672): Illuminate\\Routing\\Router->runRouteWithinStack()
#37 /home/developer/brance/blocks/vendor/laravel/framework/src/Illuminate/Routing/Router.php(636): Illuminate\\Routing\\Router->runRoute()
#38 /home/developer/brance/blocks/vendor/laravel/framework/src/Illuminate/Routing/Router.php(625): Illuminate\\Routing\\Router->dispatchToRoute()
#39 /home/developer/brance/blocks/vendor/laravel/framework/src/Illuminate/Foundation/Http/Kernel.php(167): Illuminate\\Routing\\Router->dispatch()
#40 /home/developer/brance/blocks/vendor/laravel/framework/src/Illuminate/Pipeline/Pipeline.php(128): Illuminate\\Foundation\\Http\\Kernel->Illuminate\\Foundation\\Http\\{closure}()
#41 /home/developer/brance/blocks/vendor/laravel/framework/src/Illuminate/Foundation/Http/Middleware/TransformsRequest.php(21): Illuminate\\Pipeline\\Pipeline->Illuminate\\Pipeline\\{closure}()
#42 /home/developer/brance/blocks/vendor/laravel/framework/src/Illuminate/Foundation/Http/Middleware/ConvertEmptyStringsToNull.php(31): Illuminate\\Foundation\\Http\\Middleware\\TransformsRequest->handle()
#43 /home/developer/brance/blocks/vendor/laravel/framework/src/Illuminate/Pipeline/Pipeline.php(167): Illuminate\\Foundation\\Http\\Middleware\\ConvertEmptyStringsToNull->handle()
#44 /home/developer/brance/blocks/vendor/laravel/framework/src/Illuminate/Foundation/Http/Middleware/TransformsRequest.php(21): Illuminate\\Pipeline\\Pipeline->Illuminate\\Pipeline\\{closure}()
#45 /home/developer/brance/blocks/vendor/laravel/framework/src/Illuminate/Foundation/Http/Middleware/TrimStrings.php(40): Illuminate\\Foundation\\Http\\Middleware\\TransformsRequest->handle()
#46 /home/developer/brance/blocks/vendor/laravel/framework/src/Illuminate/Pipeline/Pipeline.php(167): Illuminate\\Foundation\\Http\\Middleware\\TrimStrings->handle()
#47 /home/developer/brance/blocks/vendor/laravel/framework/src/Illuminate/Foundation/Http/Middleware/ValidatePostSize.php(27): Illuminate\\Pipeline\\Pipeline->Illuminate\\Pipeline\\{closure}()
#48 /home/developer/brance/blocks/vendor/laravel/framework/src/Illuminate/Pipeline/Pipeline.php(167): Illuminate\\Foundation\\Http\\Middleware\\ValidatePostSize->handle()
#49 /home/developer/brance/blocks/vendor/laravel/framework/src/Illuminate/Foundation/Http/Middleware/PreventRequestsDuringMaintenance.php(86): Illuminate\\Pipeline\\Pipeline->Illuminate\\Pipeline\\{closure}()
#50 /home/developer/brance/blocks/vendor/laravel/framework/src/Illuminate/Pipeline/Pipeline.php(167): Illuminate\\Foundation\\Http\\Middleware\\PreventRequestsDuringMaintenance->handle()
#51 /home/developer/brance/blocks/vendor/fruitcake/laravel-cors/src/HandleCors.php(38): Illuminate\\Pipeline\\Pipeline->Illuminate\\Pipeline\\{closure}()
#52 /home/developer/brance/blocks/vendor/laravel/framework/src/Illuminate/Pipeline/Pipeline.php(167): Fruitcake\\Cors\\HandleCors->handle()
#53 /home/developer/brance/blocks/vendor/fideloper/proxy/src/TrustProxies.php(57): Illuminate\\Pipeline\\Pipeline->Illuminate\\Pipeline\\{closure}()
#54 /home/developer/brance/blocks/vendor/laravel/framework/src/Illuminate/Pipeline/Pipeline.php(167): Fideloper\\Proxy\\TrustProxies->handle()
#55 /home/developer/brance/blocks/vendor/laravel/framework/src/Illuminate/Pipeline/Pipeline.php(103): Illuminate\\Pipeline\\Pipeline->Illuminate\\Pipeline\\{closure}()
#56 /home/developer/brance/blocks/vendor/laravel/framework/src/Illuminate/Foundation/Http/Kernel.php(142): Illuminate\\Pipeline\\Pipeline->then()
#57 /home/developer/brance/blocks/vendor/laravel/framework/src/Illuminate/Foundation/Http/Kernel.php(111): Illuminate\\Foundation\\Http\\Kernel->sendRequestThroughRouter()
#58 /home/developer/brance/blocks/public/index.php(52): Illuminate\\Foundation\\Http\\Kernel->handle()
#59 /home/developer/brance/blocks/server.php(21): require_once('/home/developer...')
#60 {main}

[previous exception] [object] (Exception(code: 0): Property [penalties] does not exist on this collection instance. at /home/developer/brance/blocks/vendor/laravel/framework/src/Illuminate/Collections/Traits/EnumeratesValues.php:966)
[stacktrace]
#0 /home/developer/brance/blocks/storage/framework/views/253f14fe77393b8b178ec4ab28aab05aa065a619.php(69): Illuminate\\Support\\Collection->__get()
#1 /home/developer/brance/blocks/vendor/laravel/framework/src/Illuminate/Filesystem/Filesystem.php(107): require('/home/developer...')
#2 /home/developer/brance/blocks/vendor/laravel/framework/src/Illuminate/Filesystem/Filesystem.php(108): Illuminate\\Filesystem\\Filesystem::Illuminate\\Filesystem\\{closure}()
#3 /home/developer/brance/blocks/vendor/laravel/framework/src/Illuminate/View/Engines/PhpEngine.php(58): Illuminate\\Filesystem\\Filesystem->getRequire()
#4 /home/developer/brance/blocks/vendor/laravel/framework/src/Illuminate/View/Engines/CompilerEngine.php(61): Illuminate\\View\\Engines\\PhpEngine->evaluatePath()
#5 /home/developer/brance/blocks/vendor/facade/ignition/src/Views/Engines/CompilerEngine.php(37): Illuminate\\View\\Engines\\CompilerEngine->get()
#6 /home/developer/brance/blocks/vendor/laravel/framework/src/Illuminate/View/View.php(139): Facade\\Ignition\\Views\\Engines\\CompilerEngine->get()
#7 /home/developer/brance/blocks/vendor/laravel/framework/src/Illuminate/View/View.php(122): Illuminate\\View\\View->getContents()
#8 /home/developer/brance/blocks/vendor/laravel/framework/src/Illuminate/View/View.php(91): Illuminate\\View\\View->renderContents()
#9 /home/developer/brance/blocks/vendor/laravel/framework/src/Illuminate/Http/Response.php(69): Illuminate\\View\\View->render()
#10 /home/developer/brance/blocks/vendor/laravel/framework/src/Illuminate/Http/Response.php(35): Illuminate\\Http\\Response->setContent()
#11 /home/developer/brance/blocks/vendor/laravel/framework/src/Illuminate/Routing/Router.php(794): Illuminate\\Http\\Response->__construct()
#12 /home/developer/brance/blocks/vendor/laravel/framework/src/Illuminate/Routing/Router.php(763): Illuminate\\Routing\\Router::toResponse()
#13 /home/developer/brance/blocks/vendor/laravel/framework/src/Illuminate/Routing/Router.php(695): Illuminate\\Routing\\Router->prepareResponse()
#14 /home/developer/brance/blocks/vendor/laravel/framework/src/Illuminate/Pipeline/Pipeline.php(128): Illuminate\\Routing\\Router->Illuminate\\Routing\\{closure}()
#15 /home/developer/brance/blocks/app/Http/Middleware/SetLocale.php(24): Illuminate\\Pipeline\\Pipeline->Illuminate\\Pipeline\\{closure}()
#16 /home/developer/brance/blocks/vendor/laravel/framework/src/Illuminate/Pipeline/Pipeline.php(167): App\\Http\\Middleware\\SetLocale->handle()
#17 /home/developer/brance/blocks/app/Http/Middleware/AuthGates.php(29): Illuminate\\Pipeline\\Pipeline->Illuminate\\Pipeline\\{closure}()
#18 /home/developer/brance/blocks/vendor/laravel/framework/src/Illuminate/Pipeline/Pipeline.php(167): App\\Http\\Middleware\\AuthGates->handle()
#19 /home/developer/brance/blocks/vendor/laravel/framework/src/Illuminate/Routing/Middleware/SubstituteBindings.php(50): Illuminate\\Pipeline\\Pipeline->Illuminate\\Pipeline\\{closure}()
#20 /home/developer/brance/blocks/vendor/laravel/framework/src/Illuminate/Pipeline/Pipeline.php(167): Illuminate\\Routing\\Middleware\\SubstituteBindings->handle()
#21 /home/developer/brance/blocks/vendor/laravel/framework/src/Illuminate/Auth/Middleware/Authenticate.php(44): Illuminate\\Pipeline\\Pipeline->Illuminate\\Pipeline\\{closure}()
#22 /home/developer/brance/blocks/vendor/laravel/framework/src/Illuminate/Pipeline/Pipeline.php(167): Illuminate\\Auth\\Middleware\\Authenticate->handle()
#23 /home/developer/brance/blocks/vendor/laravel/framework/src/Illuminate/Foundation/Http/Middleware/VerifyCsrfToken.php(78): Illuminate\\Pipeline\\Pipeline->Illuminate\\Pipeline\\{closure}()
#24 /home/developer/brance/blocks/vendor/laravel/framework/src/Illuminate/Pipeline/Pipeline.php(167): Illuminate\\Foundation\\Http\\Middleware\\VerifyCsrfToken->handle()
#25 /home/developer/brance/blocks/vendor/laravel/framework/src/Illuminate/View/Middleware/ShareErrorsFromSession.php(49): Illuminate\\Pipeline\\Pipeline->Illuminate\\Pipeline\\{closure}()
#26 /home/developer/brance/blocks/vendor/laravel/framework/src/Illuminate/Pipeline/Pipeline.php(167): Illuminate\\View\\Middleware\\ShareErrorsFromSession->handle()
#27 /home/developer/brance/blocks/vendor/laravel/framework/src/Illuminate/Session/Middleware/StartSession.php(121): Illuminate\\Pipeline\\Pipeline->Illuminate\\Pipeline\\{closure}()
#28 /home/developer/brance/blocks/vendor/laravel/framework/src/Illuminate/Session/Middleware/StartSession.php(64): Illuminate\\Session\\Middleware\\StartSession->handleStatefulRequest()
#29 /home/developer/brance/blocks/vendor/laravel/framework/src/Illuminate/Pipeline/Pipeline.php(167): Illuminate\\Session\\Middleware\\StartSession->handle()
#30 /home/developer/brance/blocks/vendor/laravel/framework/src/Illuminate/Cookie/Middleware/AddQueuedCookiesToResponse.php(37): Illuminate\\Pipeline\\Pipeline->Illuminate\\Pipeline\\{closure}()
#31 /home/developer/brance/blocks/vendor/laravel/framework/src/Illuminate/Pipeline/Pipeline.php(167): Illuminate\\Cookie\\Middleware\\AddQueuedCookiesToResponse->handle()
#32 /home/developer/brance/blocks/vendor/laravel/framework/src/Illuminate/Cookie/Middleware/EncryptCookies.php(67): Illuminate\\Pipeline\\Pipeline->Illuminate\\Pipeline\\{closure}()
#33 /home/developer/brance/blocks/vendor/laravel/framework/src/Illuminate/Pipeline/Pipeline.php(167): Illuminate\\Cookie\\Middleware\\EncryptCookies->handle()
#34 /home/developer/brance/blocks/vendor/laravel/framework/src/Illuminate/Pipeline/Pipeline.php(103): Illuminate\\Pipeline\\Pipeline->Illuminate\\Pipeline\\{closure}()
#35 /home/developer/brance/blocks/vendor/laravel/framework/src/Illuminate/Routing/Router.php(697): Illuminate\\Pipeline\\Pipeline->then()
#36 /home/developer/brance/blocks/vendor/laravel/framework/src/Illuminate/Routing/Router.php(672): Illuminate\\Routing\\Router->runRouteWithinStack()
#37 /home/developer/brance/blocks/vendor/laravel/framework/src/Illuminate/Routing/Router.php(636): Illuminate\\Routing\\Router->runRoute()
#38 /home/developer/brance/blocks/vendor/laravel/framework/src/Illuminate/Routing/Router.php(625): Illuminate\\Routing\\Router->dispatchToRoute()
#39 /home/developer/brance/blocks/vendor/laravel/framework/src/Illuminate/Foundation/Http/Kernel.php(167): Illuminate\\Routing\\Router->dispatch()
#40 /home/developer/brance/blocks/vendor/laravel/framework/src/Illuminate/Pipeline/Pipeline.php(128): Illuminate\\Foundation\\Http\\Kernel->Illuminate\\Foundation\\Http\\{closure}()
#41 /home/developer/brance/blocks/vendor/laravel/framework/src/Illuminate/Foundation/Http/Middleware/TransformsRequest.php(21): Illuminate\\Pipeline\\Pipeline->Illuminate\\Pipeline\\{closure}()
#42 /home/developer/brance/blocks/vendor/laravel/framework/src/Illuminate/Foundation/Http/Middleware/ConvertEmptyStringsToNull.php(31): Illuminate\\Foundation\\Http\\Middleware\\TransformsRequest->handle()
#43 /home/developer/brance/blocks/vendor/laravel/framework/src/Illuminate/Pipeline/Pipeline.php(167): Illuminate\\Foundation\\Http\\Middleware\\ConvertEmptyStringsToNull->handle()
#44 /home/developer/brance/blocks/vendor/laravel/framework/src/Illuminate/Foundation/Http/Middleware/TransformsRequest.php(21): Illuminate\\Pipeline\\Pipeline->Illuminate\\Pipeline\\{closure}()
#45 /home/developer/brance/blocks/vendor/laravel/framework/src/Illuminate/Foundation/Http/Middleware/TrimStrings.php(40): Illuminate\\Foundation\\Http\\Middleware\\TransformsRequest->handle()
#46 /home/developer/brance/blocks/vendor/laravel/framework/src/Illuminate/Pipeline/Pipeline.php(167): Illuminate\\Foundation\\Http\\Middleware\\TrimStrings->handle()
#47 /home/developer/brance/blocks/vendor/laravel/framework/src/Illuminate/Foundation/Http/Middleware/ValidatePostSize.php(27): Illuminate\\Pipeline\\Pipeline->Illuminate\\Pipeline\\{closure}()
#48 /home/developer/brance/blocks/vendor/laravel/framework/src/Illuminate/Pipeline/Pipeline.php(167): Illuminate\\Foundation\\Http\\Middleware\\ValidatePostSize->handle()
#49 /home/developer/brance/blocks/vendor/laravel/framework/src/Illuminate/Foundation/Http/Middleware/PreventRequestsDuringMaintenance.php(86): Illuminate\\Pipeline\\Pipeline->Illuminate\\Pipeline\\{closure}()
#50 /home/developer/brance/blocks/vendor/laravel/framework/src/Illuminate/Pipeline/Pipeline.php(167): Illuminate\\Foundation\\Http\\Middleware\\PreventRequestsDuringMaintenance->handle()
#51 /home/developer/brance/blocks/vendor/fruitcake/laravel-cors/src/HandleCors.php(38): Illuminate\\Pipeline\\Pipeline->Illuminate\\Pipeline\\{closure}()
#52 /home/developer/brance/blocks/vendor/laravel/framework/src/Illuminate/Pipeline/Pipeline.php(167): Fruitcake\\Cors\\HandleCors->handle()
#53 /home/developer/brance/blocks/vendor/fideloper/proxy/src/TrustProxies.php(57): Illuminate\\Pipeline\\Pipeline->Illuminate\\Pipeline\\{closure}()
#54 /home/developer/brance/blocks/vendor/laravel/framework/src/Illuminate/Pipeline/Pipeline.php(167): Fideloper\\Proxy\\TrustProxies->handle()
#55 /home/developer/brance/blocks/vendor/laravel/framework/src/Illuminate/Pipeline/Pipeline.php(103): Illuminate\\Pipeline\\Pipeline->Illuminate\\Pipeline\\{closure}()
#56 /home/developer/brance/blocks/vendor/laravel/framework/src/Illuminate/Foundation/Http/Kernel.php(142): Illuminate\\Pipeline\\Pipeline->then()
#57 /home/developer/brance/blocks/vendor/laravel/framework/src/Illuminate/Foundation/Http/Kernel.php(111): Illuminate\\Foundation\\Http\\Kernel->sendRequestThroughRouter()
#58 /home/developer/brance/blocks/public/index.php(52): Illuminate\\Foundation\\Http\\Kernel->handle()
#59 /home/developer/brance/blocks/server.php(21): require_once('/home/developer...')
#60 {main}
"} 
